[32m[0222 21:41:42 @logger.py:67][0m Log file set to /ais/gobi4/tingwuwang/joint_embedding/tool/train_T2I.py/../../log/TIGAN_0222-214142.log
[32m[0222 21:41:42 @train_T2I.py:31][0m Session starts, using gpu: 0
[32m[0222 21:41:42 @tiGAN.py:37][0m [31mWRN[0m test mode is not supported currently
[32m[0222 21:41:42 @tiGAN.py:54][0m Building the text to image GAN model
[32m[0222 21:41:43 @tiGAN.py:62][0m loss from real image and right text generated
[32m[0222 21:41:44 @tiGAN.py:71][0m loss from real image and wrong text generated
[32m[0222 21:41:44 @tiGAN.py:84][0m loss from fake image and right text generated
[32m[0222 21:41:57 @util.py:185][0m trying to load the dataset bird
[32m[0222 21:41:57 @util.py:228][0m loaded data split from /ais/gobi4/tingwuwang/joint_embedding/tool/../data/data_dir/bird/bird_list.npy
[32m[0222 21:41:57 @util.py:203][0m data loader initialized
[32m[0222 21:41:57 @util.py:321][0m [LOAD BATCH] New batch, loading to id 16
[32m[0222 21:42:01 @tiGAN.py:141][0m step: 0, discriminator: loss 1.45259165764, generator loss: 0.69300866127
[32m[0222 21:42:01 @util.py:321][0m [LOAD BATCH] New batch, loading to id 32
[32m[0222 21:42:04 @tiGAN.py:141][0m step: 1, discriminator: loss 1.35331857204, generator loss: 0.692294120789
[32m[0222 21:42:05 @util.py:321][0m [LOAD BATCH] New batch, loading to id 48
[32m[0222 21:42:08 @tiGAN.py:141][0m step: 2, discriminator: loss 1.35290622711, generator loss: 0.69215798378
[32m[0222 21:42:08 @util.py:321][0m [LOAD BATCH] New batch, loading to id 64
[32m[0222 21:42:11 @tiGAN.py:141][0m step: 3, discriminator: loss 1.35733008385, generator loss: 0.692592144012
[32m[0222 21:42:11 @util.py:321][0m [LOAD BATCH] New batch, loading to id 80
[32m[0222 21:42:14 @tiGAN.py:141][0m step: 4, discriminator: loss 1.35470962524, generator loss: 0.692701339722
[32m[0222 21:42:25 @tiGAN.py:189][0m checkpoint saved to /ais/gobi4/tingwuwang/joint_embedding/tool/../model/../checkpoint/tigan_5.ckpt
[32m[0222 21:42:26 @util.py:360][0m [Sampling] New samples, total number: 64
