[32m[0222 21:55:15 @logger.py:67][0m Log file set to /ais/gobi4/tingwuwang/joint_embedding/tool/train_T2I.py/../../log/TIGAN_0222-215515.log
[32m[0222 21:55:15 @train_T2I.py:31][0m Session starts, using gpu: 0
[32m[0222 21:55:15 @tiGAN.py:37][0m [31mWRN[0m test mode is not supported currently
[32m[0222 21:55:15 @tiGAN.py:54][0m Building the text to image GAN model
[32m[0222 21:55:17 @tiGAN.py:62][0m loss from real image and right text generated
[32m[0222 21:55:17 @tiGAN.py:71][0m loss from real image and wrong text generated
[32m[0222 21:55:18 @tiGAN.py:84][0m loss from fake image and right text generated
[32m[0222 21:55:30 @util.py:182][0m trying to load the dataset bird
[32m[0222 21:55:30 @util.py:225][0m loaded data split from /ais/gobi4/tingwuwang/joint_embedding/tool/../data/data_dir/bird/bird_list.npy
[32m[0222 21:55:30 @util.py:200][0m data loader initialized
[32m[0222 21:55:31 @util.py:318][0m [LOAD BATCH] New batch, loading to id 16
[32m[0222 21:55:34 @tiGAN.py:141][0m step: 0, discriminator: loss 1.51805305481, generator loss: 0.690026819706
[32m[0222 21:55:35 @util.py:318][0m [LOAD BATCH] New batch, loading to id 32
[32m[0222 21:55:38 @tiGAN.py:141][0m step: 1, discriminator: loss 1.35900557041, generator loss: 0.692807912827
[32m[0222 21:55:38 @util.py:318][0m [LOAD BATCH] New batch, loading to id 48
[32m[0222 21:55:41 @tiGAN.py:141][0m step: 2, discriminator: loss 1.35163021088, generator loss: 0.691648721695
[32m[0222 21:55:42 @util.py:318][0m [LOAD BATCH] New batch, loading to id 64
[32m[0222 21:55:45 @tiGAN.py:141][0m step: 3, discriminator: loss 1.31678628922, generator loss: 0.690002024174
[32m[0222 21:55:45 @util.py:318][0m [LOAD BATCH] New batch, loading to id 80
[32m[0222 21:55:48 @tiGAN.py:141][0m step: 4, discriminator: loss 1.34101235867, generator loss: 0.692462682724
[32m[0222 21:56:00 @tiGAN.py:191][0m checkpoint saved to /ais/gobi4/tingwuwang/joint_embedding/tool/../model/../checkpoint/tigan_5.ckpt
[32m[0222 21:56:00 @util.py:357][0m [Sampling] New samples, total number: 16
[32m[0222 21:56:01 @tiGAN.py:182][0m Generated images are saved to /ais/gobi4/tingwuwang/joint_embedding/tool/../model/../data/data_dir/bird/sample/5
[32m[0222 21:56:01 @util.py:318][0m [LOAD BATCH] New batch, loading to id 96
[32m[0222 21:56:04 @tiGAN.py:141][0m step: 5, discriminator: loss 1.32857561111, generator loss: 0.692717075348
[32m[0222 21:56:05 @util.py:318][0m [LOAD BATCH] New batch, loading to id 112
[32m[0222 21:56:08 @tiGAN.py:141][0m step: 6, discriminator: loss 1.32471489906, generator loss: 0.692655801773
[32m[0222 21:56:09 @util.py:318][0m [LOAD BATCH] New batch, loading to id 128
[32m[0222 21:56:12 @tiGAN.py:141][0m step: 7, discriminator: loss 1.31631994247, generator loss: 0.691979646683
[32m[0222 21:56:12 @util.py:318][0m [LOAD BATCH] New batch, loading to id 144
[32m[0222 21:56:15 @tiGAN.py:141][0m step: 8, discriminator: loss 1.31568109989, generator loss: 0.691433131695
[32m[0222 21:56:16 @util.py:318][0m [LOAD BATCH] New batch, loading to id 160
[32m[0222 21:56:19 @tiGAN.py:141][0m step: 9, discriminator: loss 1.33845353127, generator loss: 0.692823290825
[32m[0222 21:56:31 @tiGAN.py:191][0m checkpoint saved to /ais/gobi4/tingwuwang/joint_embedding/tool/../model/../checkpoint/tigan_10.ckpt
[32m[0222 21:56:31 @util.py:357][0m [Sampling] New samples, total number: 16
[32m[0222 21:56:31 @tiGAN.py:176][0m Making new directory /ais/gobi4/tingwuwang/joint_embedding/tool/../model/../data/data_dir/bird/sample/10
[32m[0222 21:56:31 @tiGAN.py:182][0m Generated images are saved to /ais/gobi4/tingwuwang/joint_embedding/tool/../model/../data/data_dir/bird/sample/10
[32m[0222 21:56:32 @util.py:318][0m [LOAD BATCH] New batch, loading to id 176
[32m[0222 21:56:35 @tiGAN.py:141][0m step: 10, discriminator: loss 1.33277320862, generator loss: 0.692472934723
[32m[0222 21:56:36 @util.py:318][0m [LOAD BATCH] New batch, loading to id 192
[32m[0222 21:56:39 @tiGAN.py:141][0m step: 11, discriminator: loss 1.32757925987, generator loss: 0.691821217537
[32m[0222 21:56:39 @util.py:318][0m [LOAD BATCH] New batch, loading to id 208
[32m[0222 21:56:42 @tiGAN.py:141][0m step: 12, discriminator: loss 1.32553005219, generator loss: 0.692480683327
[32m[0222 21:56:43 @util.py:318][0m [LOAD BATCH] New batch, loading to id 224
[32m[0222 21:56:46 @tiGAN.py:141][0m step: 13, discriminator: loss 1.31454467773, generator loss: 0.692522585392
[32m[0222 21:56:46 @util.py:318][0m [LOAD BATCH] New batch, loading to id 240
[32m[0222 21:56:49 @tiGAN.py:141][0m step: 14, discriminator: loss 1.31294345856, generator loss: 0.692887544632
[32m[0222 21:57:05 @tiGAN.py:191][0m checkpoint saved to /ais/gobi4/tingwuwang/joint_embedding/tool/../model/../checkpoint/tigan_15.ckpt
[32m[0222 21:57:05 @util.py:357][0m [Sampling] New samples, total number: 16
[32m[0222 21:57:05 @tiGAN.py:176][0m Making new directory /ais/gobi4/tingwuwang/joint_embedding/tool/../model/../data/data_dir/bird/sample/15
[32m[0222 21:57:05 @tiGAN.py:182][0m Generated images are saved to /ais/gobi4/tingwuwang/joint_embedding/tool/../model/../data/data_dir/bird/sample/15
[32m[0222 21:57:06 @util.py:318][0m [LOAD BATCH] New batch, loading to id 256
[32m[0222 21:57:09 @tiGAN.py:141][0m step: 15, discriminator: loss 1.322473526, generator loss: 0.692368030548
[32m[0222 21:57:09 @util.py:318][0m [LOAD BATCH] New batch, loading to id 272
[32m[0222 21:57:13 @tiGAN.py:141][0m step: 16, discriminator: loss 1.32800602913, generator loss: 0.690480709076
[32m[0222 21:57:13 @util.py:318][0m [LOAD BATCH] New batch, loading to id 288
[32m[0222 21:57:16 @tiGAN.py:141][0m step: 17, discriminator: loss 1.42433440685, generator loss: 0.69314289093
[32m[0222 21:57:17 @util.py:318][0m [LOAD BATCH] New batch, loading to id 304
[32m[0222 21:57:20 @tiGAN.py:141][0m step: 18, discriminator: loss 1.33657169342, generator loss: 0.693124592304
[32m[0222 21:57:20 @util.py:318][0m [LOAD BATCH] New batch, loading to id 320
[32m[0222 21:57:23 @tiGAN.py:141][0m step: 19, discriminator: loss 1.34218192101, generator loss: 0.693138301373
[32m[0222 21:57:34 @tiGAN.py:191][0m checkpoint saved to /ais/gobi4/tingwuwang/joint_embedding/tool/../model/../checkpoint/tigan_20.ckpt
[32m[0222 21:57:34 @util.py:357][0m [Sampling] New samples, total number: 16
[32m[0222 21:57:35 @tiGAN.py:176][0m Making new directory /ais/gobi4/tingwuwang/joint_embedding/tool/../model/../data/data_dir/bird/sample/20
[32m[0222 21:57:35 @tiGAN.py:182][0m Generated images are saved to /ais/gobi4/tingwuwang/joint_embedding/tool/../model/../data/data_dir/bird/sample/20
[32m[0222 21:57:35 @util.py:318][0m [LOAD BATCH] New batch, loading to id 336
[32m[0222 21:57:38 @tiGAN.py:141][0m step: 20, discriminator: loss 1.33819699287, generator loss: 0.693121194839
[32m[0222 21:57:39 @util.py:318][0m [LOAD BATCH] New batch, loading to id 352
[32m[0222 21:57:41 @tiGAN.py:141][0m step: 21, discriminator: loss 1.32585930824, generator loss: 0.693117618561
[32m[0222 21:57:42 @util.py:318][0m [LOAD BATCH] New batch, loading to id 368
[32m[0222 21:57:45 @tiGAN.py:141][0m step: 22, discriminator: loss 1.30987071991, generator loss: 0.693068981171
[32m[0222 21:57:45 @util.py:318][0m [LOAD BATCH] New batch, loading to id 384
[32m[0222 21:57:48 @tiGAN.py:141][0m step: 23, discriminator: loss 1.32090854645, generator loss: 0.692901134491
[32m[0222 21:57:48 @util.py:318][0m [LOAD BATCH] New batch, loading to id 400
