[32m[0228 13:50:42 @logger.py:67][0m Log file set to /ais/gobi4/tingwuwang/joint_embedding/tool/train_T2I.py/../../log/TIGAN_0228-135042.log
[32m[0228 13:50:42 @tiGAN.py:37][0m [31mWRN[0m test mode is not supported currently
[32m[0228 13:50:42 @train_T2I.py:31][0m Training TIGAN
[32m[0228 13:50:45 @train_T2I.py:40][0m Session starts, using gpu: 0
[32m[0228 13:50:45 @tiGAN.py:54][0m Building the text to image GAN model
[32m[0228 13:50:47 @tiGAN.py:64][0m loss from real image and right text generated
[32m[0228 13:50:47 @tiGAN.py:75][0m loss from real image and wrong text generated
[32m[0228 13:50:48 @tiGAN.py:92][0m loss from fake image and right text generated
[32m[0228 13:51:05 @tiGAN.py:165][0m summary write initialized, writing to /ais/gobi4/tingwuwang/joint_embedding/tool/../model/../summary
[32m[0228 13:51:05 @util.py:183][0m trying to load the dataset bird
[32m[0228 13:51:05 @util.py:232][0m loaded data split from /ais/gobi4/tingwuwang/joint_embedding/tool/../data/data_dir/bird/bird_list.npy
[32m[0228 13:51:05 @util.py:207][0m data loader initialized
[32m[0228 13:51:05 @train_T2I.py:54][0m Training starts, using gpu: 0
[32m[0228 13:51:06 @util.py:324][0m [LOAD BATCH] New batch, loading to id 64
[32m[0228 13:51:08 @tiGAN.py:186][0m step: 0, discriminator: loss 2.33276987076, generator loss: 8.64567184448
[32m[0228 13:51:10 @util.py:324][0m [LOAD BATCH] New batch, loading to id 128
[32m[0228 13:51:10 @tiGAN.py:186][0m step: 1, discriminator: loss 2.32460165024, generator loss: 7.102455616
[32m[0228 13:51:11 @util.py:324][0m [LOAD BATCH] New batch, loading to id 192
[32m[0228 13:51:11 @tiGAN.py:186][0m step: 2, discriminator: loss 3.05747270584, generator loss: 2.34597587585
[32m[0228 13:51:12 @util.py:324][0m [LOAD BATCH] New batch, loading to id 256
[32m[0228 13:51:12 @tiGAN.py:186][0m step: 3, discriminator: loss 4.85044956207, generator loss: 6.34671401978
[32m[0228 13:51:14 @util.py:324][0m [LOAD BATCH] New batch, loading to id 320
[32m[0228 13:51:14 @tiGAN.py:186][0m step: 4, discriminator: loss 2.23931789398, generator loss: 6.7207274437
[32m[0228 13:51:15 @util.py:324][0m [LOAD BATCH] New batch, loading to id 384
[32m[0228 13:51:15 @tiGAN.py:186][0m step: 5, discriminator: loss 2.32645201683, generator loss: 5.20047616959
[32m[0228 13:51:17 @util.py:324][0m [LOAD BATCH] New batch, loading to id 448
[32m[0228 13:51:17 @tiGAN.py:186][0m step: 6, discriminator: loss 2.7185921669, generator loss: 7.27878284454
[32m[0228 13:51:18 @util.py:324][0m [LOAD BATCH] New batch, loading to id 512
[32m[0228 13:51:18 @tiGAN.py:186][0m step: 7, discriminator: loss 2.78726315498, generator loss: 5.7628736496
[32m[0228 13:51:20 @util.py:324][0m [LOAD BATCH] New batch, loading to id 576
[32m[0228 13:51:20 @tiGAN.py:186][0m step: 8, discriminator: loss 2.48337554932, generator loss: 8.57010173798
[32m[0228 13:51:21 @util.py:324][0m [LOAD BATCH] New batch, loading to id 640
[32m[0228 13:51:21 @tiGAN.py:186][0m step: 9, discriminator: loss 1.862377882, generator loss: 7.06607818604
[32m[0228 13:51:22 @util.py:324][0m [LOAD BATCH] New batch, loading to id 704
[32m[0228 13:51:22 @tiGAN.py:186][0m step: 10, discriminator: loss 2.39212226868, generator loss: 9.86577033997
[32m[0228 13:51:24 @util.py:324][0m [LOAD BATCH] New batch, loading to id 768
[32m[0228 13:51:24 @tiGAN.py:186][0m step: 11, discriminator: loss 2.05863189697, generator loss: 6.78710460663
[32m[0228 13:51:25 @util.py:324][0m [LOAD BATCH] New batch, loading to id 832
[32m[0228 13:51:25 @tiGAN.py:186][0m step: 12, discriminator: loss 3.02862215042, generator loss: 12.0562019348
[32m[0228 13:51:26 @util.py:324][0m [LOAD BATCH] New batch, loading to id 896
[32m[0228 13:51:27 @tiGAN.py:186][0m step: 13, discriminator: loss 2.37753868103, generator loss: 8.47686576843
[32m[0228 13:51:28 @util.py:324][0m [LOAD BATCH] New batch, loading to id 960
[32m[0228 13:51:28 @tiGAN.py:186][0m step: 14, discriminator: loss 2.9626584053, generator loss: 11.1620054245
[32m[0228 13:51:30 @util.py:324][0m [LOAD BATCH] New batch, loading to id 1024
[32m[0228 13:51:30 @tiGAN.py:186][0m step: 15, discriminator: loss 2.13242340088, generator loss: 7.64010477066
[32m[0228 13:51:31 @util.py:324][0m [LOAD BATCH] New batch, loading to id 1088
[32m[0228 13:51:31 @tiGAN.py:186][0m step: 16, discriminator: loss 2.8514688015, generator loss: 12.9843492508
[32m[0228 13:51:33 @util.py:324][0m [LOAD BATCH] New batch, loading to id 1152
[32m[0228 13:51:33 @tiGAN.py:186][0m step: 17, discriminator: loss 1.95181465149, generator loss: 11.3830013275
[32m[0228 13:51:34 @util.py:324][0m [LOAD BATCH] New batch, loading to id 1216
[32m[0228 13:51:35 @tiGAN.py:186][0m step: 18, discriminator: loss 1.96054327488, generator loss: 6.32467079163
[32m[0228 13:51:36 @util.py:324][0m [LOAD BATCH] New batch, loading to id 1280
[32m[0228 13:51:36 @tiGAN.py:186][0m step: 19, discriminator: loss 3.89226388931, generator loss: 15.6958560944
[32m[0228 13:51:38 @util.py:324][0m [LOAD BATCH] New batch, loading to id 1344
[32m[0228 13:51:38 @tiGAN.py:186][0m step: 20, discriminator: loss 2.49887657166, generator loss: 14.0347385406
[32m[0228 13:51:39 @util.py:324][0m [LOAD BATCH] New batch, loading to id 1408
[32m[0228 13:51:39 @tiGAN.py:186][0m step: 21, discriminator: loss 1.69728970528, generator loss: 8.67799568176
[32m[0228 13:51:41 @util.py:324][0m [LOAD BATCH] New batch, loading to id 1472
[32m[0228 13:51:41 @tiGAN.py:186][0m step: 22, discriminator: loss 2.93600487709, generator loss: 14.6209611893
[32m[0228 13:51:42 @util.py:324][0m [LOAD BATCH] New batch, loading to id 1536
[32m[0228 13:51:42 @tiGAN.py:186][0m step: 23, discriminator: loss 2.48513674736, generator loss: 12.12383461
[32m[0228 13:51:44 @util.py:324][0m [LOAD BATCH] New batch, loading to id 1600
[32m[0228 13:51:44 @tiGAN.py:186][0m step: 24, discriminator: loss 1.62571644783, generator loss: 6.81251525879
[32m[0228 13:51:45 @util.py:324][0m [LOAD BATCH] New batch, loading to id 1664
[32m[0228 13:51:45 @tiGAN.py:186][0m step: 25, discriminator: loss 4.11050271988, generator loss: 17.6110897064
[32m[0228 13:51:47 @util.py:324][0m [LOAD BATCH] New batch, loading to id 1728
[32m[0228 13:51:47 @tiGAN.py:186][0m step: 26, discriminator: loss 2.73766374588, generator loss: 17.2836456299
[32m[0228 13:51:48 @util.py:324][0m [LOAD BATCH] New batch, loading to id 1792
[32m[0228 13:51:49 @tiGAN.py:186][0m step: 27, discriminator: loss 1.76488113403, generator loss: 11.7127933502
[32m[0228 13:51:50 @util.py:324][0m [LOAD BATCH] New batch, loading to id 1856
[32m[0228 13:51:50 @tiGAN.py:186][0m step: 28, discriminator: loss 1.94673490524, generator loss: 6.23218250275
[32m[0228 13:51:51 @util.py:324][0m [LOAD BATCH] New batch, loading to id 1920
[32m[0228 13:51:52 @tiGAN.py:186][0m step: 29, discriminator: loss 3.8178050518, generator loss: 16.6607685089
[32m[0228 13:51:53 @util.py:324][0m [LOAD BATCH] New batch, loading to id 1984
[32m[0228 13:51:53 @tiGAN.py:186][0m step: 30, discriminator: loss 2.39970993996, generator loss: 17.8591537476
[32m[0228 13:51:54 @util.py:324][0m [LOAD BATCH] New batch, loading to id 2048
[32m[0228 13:51:55 @tiGAN.py:186][0m step: 31, discriminator: loss 1.9134926796, generator loss: 13.4949522018
[32m[0228 13:51:56 @util.py:324][0m [LOAD BATCH] New batch, loading to id 2112
[32m[0228 13:51:56 @tiGAN.py:186][0m step: 32, discriminator: loss 1.78739607334, generator loss: 6.49924612045
[32m[0228 13:51:57 @util.py:324][0m [LOAD BATCH] New batch, loading to id 2176
[32m[0228 13:51:57 @tiGAN.py:186][0m step: 33, discriminator: loss 3.17616224289, generator loss: 15.486741066
[32m[0228 13:51:58 @util.py:324][0m [LOAD BATCH] New batch, loading to id 2240
[32m[0228 13:51:58 @tiGAN.py:186][0m step: 34, discriminator: loss 2.35712409019, generator loss: 15.1099205017
[32m[0228 13:51:59 @util.py:324][0m [LOAD BATCH] New batch, loading to id 2304
[32m[0228 13:52:00 @tiGAN.py:186][0m step: 35, discriminator: loss 1.69996666908, generator loss: 11.4138946533
[32m[0228 13:52:01 @util.py:324][0m [LOAD BATCH] New batch, loading to id 2368
[32m[0228 13:52:01 @tiGAN.py:186][0m step: 36, discriminator: loss 1.82141661644, generator loss: 5.75511407852
[32m[0228 13:52:02 @util.py:324][0m [LOAD BATCH] New batch, loading to id 2432
[32m[0228 13:52:02 @tiGAN.py:186][0m step: 37, discriminator: loss 3.1282544136, generator loss: 12.3354234695
[32m[0228 13:52:04 @util.py:324][0m [LOAD BATCH] New batch, loading to id 2496
[32m[0228 13:52:04 @tiGAN.py:186][0m step: 38, discriminator: loss 1.95005440712, generator loss: 11.4891586304
[32m[0228 13:52:05 @util.py:324][0m [LOAD BATCH] New batch, loading to id 2560
[32m[0228 13:52:05 @tiGAN.py:186][0m step: 39, discriminator: loss 1.42456996441, generator loss: 7.10894536972
[32m[0228 13:52:07 @util.py:324][0m [LOAD BATCH] New batch, loading to id 2624
[32m[0228 13:52:07 @tiGAN.py:186][0m step: 40, discriminator: loss 1.73079359531, generator loss: 6.13368606567
[32m[0228 13:52:08 @util.py:324][0m [LOAD BATCH] New batch, loading to id 2688
[32m[0228 13:52:09 @tiGAN.py:186][0m step: 41, discriminator: loss 1.86090826988, generator loss: 7.34219074249
[32m[0228 13:52:10 @util.py:324][0m [LOAD BATCH] New batch, loading to id 2752
[32m[0228 13:52:10 @tiGAN.py:186][0m step: 42, discriminator: loss 1.69193959236, generator loss: 5.70605230331
[32m[0228 13:52:11 @util.py:324][0m [LOAD BATCH] New batch, loading to id 2816
[32m[0228 13:52:12 @tiGAN.py:186][0m step: 43, discriminator: loss 1.45936834812, generator loss: 6.04060411453
[32m[0228 13:52:13 @util.py:324][0m [LOAD BATCH] New batch, loading to id 2880
[32m[0228 13:52:13 @tiGAN.py:186][0m step: 44, discriminator: loss 1.48041975498, generator loss: 5.92178535461
[32m[0228 13:52:14 @util.py:324][0m [LOAD BATCH] New batch, loading to id 2944
[32m[0228 13:52:14 @tiGAN.py:186][0m step: 45, discriminator: loss 1.55668771267, generator loss: 5.16535949707
[32m[0228 13:52:16 @util.py:324][0m [LOAD BATCH] New batch, loading to id 3008
[32m[0228 13:52:16 @tiGAN.py:186][0m step: 46, discriminator: loss 1.43751823902, generator loss: 7.23211336136
[32m[0228 13:52:17 @util.py:324][0m [LOAD BATCH] New batch, loading to id 3072
[32m[0228 13:52:18 @tiGAN.py:186][0m step: 47, discriminator: loss 1.50569415092, generator loss: 5.55145740509
[32m[0228 13:52:19 @util.py:324][0m [LOAD BATCH] New batch, loading to id 3136
[32m[0228 13:52:19 @tiGAN.py:186][0m step: 48, discriminator: loss 1.36199903488, generator loss: 4.98369503021
[32m[0228 13:52:20 @util.py:324][0m [LOAD BATCH] New batch, loading to id 3200
[32m[0228 13:52:21 @tiGAN.py:186][0m step: 49, discriminator: loss 1.4149928093, generator loss: 7.90599060059
[32m[0228 13:52:22 @util.py:324][0m [LOAD BATCH] New batch, loading to id 3264
[32m[0228 13:52:22 @tiGAN.py:186][0m step: 50, discriminator: loss 1.37529468536, generator loss: 6.17116260529
[32m[0228 13:52:24 @util.py:324][0m [LOAD BATCH] New batch, loading to id 3328
[32m[0228 13:52:24 @tiGAN.py:186][0m step: 51, discriminator: loss 1.31693911552, generator loss: 5.64484977722
[32m[0228 13:52:25 @util.py:324][0m [LOAD BATCH] New batch, loading to id 3392
[32m[0228 13:52:25 @tiGAN.py:186][0m step: 52, discriminator: loss 1.10023236275, generator loss: 5.16810274124
[32m[0228 13:52:27 @util.py:324][0m [LOAD BATCH] New batch, loading to id 3456
[32m[0228 13:52:27 @tiGAN.py:186][0m step: 53, discriminator: loss 1.34432649612, generator loss: 6.64651155472
[32m[0228 13:52:28 @util.py:324][0m [LOAD BATCH] New batch, loading to id 3520
[32m[0228 13:52:28 @tiGAN.py:186][0m step: 54, discriminator: loss 1.1286034584, generator loss: 5.69932794571
[32m[0228 13:52:30 @util.py:324][0m [LOAD BATCH] New batch, loading to id 3584
[32m[0228 13:52:30 @tiGAN.py:186][0m step: 55, discriminator: loss 1.20405638218, generator loss: 5.43274402618
[32m[0228 13:52:31 @util.py:324][0m [LOAD BATCH] New batch, loading to id 3648
[32m[0228 13:52:32 @tiGAN.py:186][0m step: 56, discriminator: loss 1.13943231106, generator loss: 5.37590503693
[32m[0228 13:52:33 @util.py:324][0m [LOAD BATCH] New batch, loading to id 3712
[32m[0228 13:52:33 @tiGAN.py:186][0m step: 57, discriminator: loss 1.13024020195, generator loss: 5.65673685074
[32m[0228 13:52:35 @util.py:324][0m [LOAD BATCH] New batch, loading to id 3776
[32m[0228 13:52:35 @tiGAN.py:186][0m step: 58, discriminator: loss 1.11937046051, generator loss: 5.33163738251
[32m[0228 13:52:36 @util.py:324][0m [LOAD BATCH] New batch, loading to id 3840
[32m[0228 13:52:36 @tiGAN.py:186][0m step: 59, discriminator: loss 0.860247135162, generator loss: 5.11282777786
[32m[0228 13:52:38 @util.py:324][0m [LOAD BATCH] New batch, loading to id 3904
[32m[0228 13:52:38 @tiGAN.py:186][0m step: 60, discriminator: loss 1.25436317921, generator loss: 5.69667577744
[32m[0228 13:52:39 @util.py:324][0m [LOAD BATCH] New batch, loading to id 3968
[32m[0228 13:52:39 @tiGAN.py:186][0m step: 61, discriminator: loss 1.25051498413, generator loss: 4.24124240875
[32m[0228 13:52:41 @util.py:324][0m [LOAD BATCH] New batch, loading to id 4032
[32m[0228 13:52:41 @tiGAN.py:186][0m step: 62, discriminator: loss 1.15457630157, generator loss: 5.9859380722
[32m[0228 13:52:42 @util.py:324][0m [LOAD BATCH] New batch, loading to id 4096
[32m[0228 13:52:42 @tiGAN.py:186][0m step: 63, discriminator: loss 0.9554708004, generator loss: 5.22845745087
[32m[0228 13:52:43 @util.py:324][0m [LOAD BATCH] New batch, loading to id 4160
[32m[0228 13:52:44 @tiGAN.py:186][0m step: 64, discriminator: loss 1.20676159859, generator loss: 4.61513614655
[32m[0228 13:52:45 @util.py:324][0m [LOAD BATCH] New batch, loading to id 4224
[32m[0228 13:52:45 @tiGAN.py:186][0m step: 65, discriminator: loss 0.911932051182, generator loss: 5.25369930267
[32m[0228 13:52:46 @util.py:324][0m [LOAD BATCH] New batch, loading to id 4288
[32m[0228 13:52:46 @tiGAN.py:186][0m step: 66, discriminator: loss 0.902839660645, generator loss: 4.56865739822
[32m[0228 13:52:48 @util.py:324][0m [LOAD BATCH] New batch, loading to id 4352
[32m[0228 13:52:48 @tiGAN.py:186][0m step: 67, discriminator: loss 0.832579255104, generator loss: 5.04718399048
[32m[0228 13:52:49 @util.py:324][0m [LOAD BATCH] New batch, loading to id 4416
[32m[0228 13:52:49 @tiGAN.py:186][0m step: 68, discriminator: loss 0.960802674294, generator loss: 5.27956104279
[32m[0228 13:52:51 @util.py:324][0m [LOAD BATCH] New batch, loading to id 4480
[32m[0228 13:52:51 @tiGAN.py:186][0m step: 69, discriminator: loss 0.847875475883, generator loss: 4.48658657074
[32m[0228 13:52:52 @util.py:324][0m [LOAD BATCH] New batch, loading to id 4544
[32m[0228 13:52:53 @tiGAN.py:186][0m step: 70, discriminator: loss 0.787615299225, generator loss: 4.78770589828
[32m[0228 13:52:54 @util.py:324][0m [LOAD BATCH] New batch, loading to id 4608
[32m[0228 13:52:54 @tiGAN.py:186][0m step: 71, discriminator: loss 0.693553566933, generator loss: 5.78251743317
[32m[0228 13:52:56 @util.py:324][0m [LOAD BATCH] New batch, loading to id 4672
[32m[0228 13:52:56 @tiGAN.py:186][0m step: 72, discriminator: loss 0.943839669228, generator loss: 3.79639863968
[32m[0228 13:52:57 @util.py:324][0m [LOAD BATCH] New batch, loading to id 4736
[32m[0228 13:52:57 @tiGAN.py:186][0m step: 73, discriminator: loss 0.869367539883, generator loss: 5.227227211
[32m[0228 13:52:59 @util.py:324][0m [LOAD BATCH] New batch, loading to id 4800
[32m[0228 13:52:59 @tiGAN.py:186][0m step: 74, discriminator: loss 0.767177343369, generator loss: 5.10122203827
[32m[0228 13:53:00 @util.py:324][0m [LOAD BATCH] New batch, loading to id 4864
[32m[0228 13:53:00 @tiGAN.py:186][0m step: 75, discriminator: loss 0.652931034565, generator loss: 4.38224029541
[32m[0228 13:53:02 @util.py:324][0m [LOAD BATCH] New batch, loading to id 4928
[32m[0228 13:53:02 @tiGAN.py:186][0m step: 76, discriminator: loss 0.701862990856, generator loss: 5.45607948303
[32m[0228 13:53:03 @util.py:324][0m [LOAD BATCH] New batch, loading to id 4992
[32m[0228 13:53:03 @tiGAN.py:186][0m step: 77, discriminator: loss 0.66296184063, generator loss: 5.4723777771
[32m[0228 13:53:05 @util.py:324][0m [LOAD BATCH] New batch, loading to id 5056
[32m[0228 13:53:05 @tiGAN.py:186][0m step: 78, discriminator: loss 0.844015240669, generator loss: 4.23312473297
[32m[0228 13:53:06 @util.py:324][0m [LOAD BATCH] New batch, loading to id 5120
[32m[0228 13:53:07 @tiGAN.py:186][0m step: 79, discriminator: loss 0.634685754776, generator loss: 4.94480705261
[32m[0228 13:53:08 @util.py:324][0m [LOAD BATCH] New batch, loading to id 5184
[32m[0228 13:53:08 @tiGAN.py:186][0m step: 80, discriminator: loss 0.654811680317, generator loss: 5.43425369263
[32m[0228 13:53:10 @util.py:324][0m [LOAD BATCH] New batch, loading to id 5248
[32m[0228 13:53:10 @tiGAN.py:186][0m step: 81, discriminator: loss 0.608532786369, generator loss: 4.93745040894
[32m[0228 13:53:11 @util.py:324][0m [LOAD BATCH] New batch, loading to id 5312
[32m[0228 13:53:11 @tiGAN.py:186][0m step: 82, discriminator: loss 0.605482518673, generator loss: 4.26072216034
[32m[0228 13:53:13 @util.py:324][0m [LOAD BATCH] New batch, loading to id 53
[32m[0228 13:53:13 @tiGAN.py:186][0m step: 83, discriminator: loss 0.673918902874, generator loss: 5.45328092575
[32m[0228 13:53:14 @util.py:324][0m [LOAD BATCH] New batch, loading to id 117
[32m[0228 13:53:14 @tiGAN.py:186][0m step: 84, discriminator: loss 0.568258285522, generator loss: 5.57960653305
[32m[0228 13:53:16 @util.py:324][0m [LOAD BATCH] New batch, loading to id 181
[32m[0228 13:53:16 @tiGAN.py:186][0m step: 85, discriminator: loss 0.474939703941, generator loss: 4.51004219055
[32m[0228 13:53:17 @util.py:324][0m [LOAD BATCH] New batch, loading to id 245
[32m[0228 13:53:18 @tiGAN.py:186][0m step: 86, discriminator: loss 0.843602895737, generator loss: 7.6684217453
[32m[0228 13:53:19 @util.py:324][0m [LOAD BATCH] New batch, loading to id 309
[32m[0228 13:53:19 @tiGAN.py:186][0m step: 87, discriminator: loss 0.453626126051, generator loss: 8.00413894653
[32m[0228 13:53:20 @util.py:324][0m [LOAD BATCH] New batch, loading to id 373
[32m[0228 13:53:21 @tiGAN.py:186][0m step: 88, discriminator: loss 0.466134667397, generator loss: 5.92635965347
[32m[0228 13:53:22 @util.py:324][0m [LOAD BATCH] New batch, loading to id 437
[32m[0228 13:53:22 @tiGAN.py:186][0m step: 89, discriminator: loss 0.580074667931, generator loss: 4.95396518707
[32m[0228 13:53:24 @util.py:324][0m [LOAD BATCH] New batch, loading to id 501
[32m[0228 13:53:24 @tiGAN.py:186][0m step: 90, discriminator: loss 0.581800639629, generator loss: 3.79819107056
[32m[0228 13:53:25 @util.py:324][0m [LOAD BATCH] New batch, loading to id 565
[32m[0228 13:53:25 @tiGAN.py:186][0m step: 91, discriminator: loss 0.671645343304, generator loss: 4.65081977844
[32m[0228 13:53:27 @util.py:324][0m [LOAD BATCH] New batch, loading to id 629
[32m[0228 13:53:27 @tiGAN.py:186][0m step: 92, discriminator: loss 0.632863879204, generator loss: 4.57784843445
[32m[0228 13:53:28 @util.py:324][0m [LOAD BATCH] New batch, loading to id 693
[32m[0228 13:53:28 @tiGAN.py:186][0m step: 93, discriminator: loss 0.489948242903, generator loss: 3.89951133728
[32m[0228 13:53:30 @util.py:324][0m [LOAD BATCH] New batch, loading to id 757
[32m[0228 13:53:30 @tiGAN.py:186][0m step: 94, discriminator: loss 0.516406297684, generator loss: 5.14699220657
[32m[0228 13:53:31 @util.py:324][0m [LOAD BATCH] New batch, loading to id 821
[32m[0228 13:53:32 @tiGAN.py:186][0m step: 95, discriminator: loss 0.648737847805, generator loss: 5.29432964325
[32m[0228 13:53:33 @util.py:324][0m [LOAD BATCH] New batch, loading to id 885
[32m[0228 13:53:33 @tiGAN.py:186][0m step: 96, discriminator: loss 0.509114861488, generator loss: 3.98369216919
[32m[0228 13:53:35 @util.py:324][0m [LOAD BATCH] New batch, loading to id 949
[32m[0228 13:53:35 @tiGAN.py:186][0m step: 97, discriminator: loss 0.452189475298, generator loss: 4.57087039948
[32m[0228 13:53:36 @util.py:324][0m [LOAD BATCH] New batch, loading to id 1013
[32m[0228 13:53:36 @tiGAN.py:186][0m step: 98, discriminator: loss 0.631462335587, generator loss: 4.82092761993
[32m[0228 13:53:38 @util.py:324][0m [LOAD BATCH] New batch, loading to id 1077
[32m[0228 13:53:38 @tiGAN.py:186][0m step: 99, discriminator: loss 0.348308086395, generator loss: 4.48338031769
[32m[0228 13:53:39 @util.py:324][0m [LOAD BATCH] New batch, loading to id 1141
[32m[0228 13:53:39 @tiGAN.py:186][0m step: 100, discriminator: loss 0.406172573566, generator loss: 4.26560497284
[32m[0228 13:53:41 @util.py:324][0m [LOAD BATCH] New batch, loading to id 1205
[32m[0228 13:53:41 @tiGAN.py:186][0m step: 101, discriminator: loss 0.648202180862, generator loss: 5.79629802704
[32m[0228 13:53:42 @util.py:324][0m [LOAD BATCH] New batch, loading to id 1269
[32m[0228 13:53:42 @tiGAN.py:186][0m step: 102, discriminator: loss 0.478741437197, generator loss: 6.00368452072
[32m[0228 13:53:44 @util.py:324][0m [LOAD BATCH] New batch, loading to id 1333
[32m[0228 13:53:44 @tiGAN.py:186][0m step: 103, discriminator: loss 0.520709574223, generator loss: 5.1379776001
[32m[0228 13:53:45 @util.py:324][0m [LOAD BATCH] New batch, loading to id 1397
[32m[0228 13:53:46 @tiGAN.py:186][0m step: 104, discriminator: loss 0.391424357891, generator loss: 4.08267068863
[32m[0228 13:53:47 @util.py:324][0m [LOAD BATCH] New batch, loading to id 1461
[32m[0228 13:53:47 @tiGAN.py:186][0m step: 105, discriminator: loss 0.649744391441, generator loss: 4.98389148712
[32m[0228 13:53:48 @util.py:324][0m [LOAD BATCH] New batch, loading to id 1525
[32m[0228 13:53:49 @tiGAN.py:186][0m step: 106, discriminator: loss 0.324823766947, generator loss: 5.37777757645
[32m[0228 13:53:50 @util.py:324][0m [LOAD BATCH] New batch, loading to id 1589
[32m[0228 13:53:50 @tiGAN.py:186][0m step: 107, discriminator: loss 0.398942053318, generator loss: 4.31051445007
[32m[0228 13:53:52 @util.py:324][0m [LOAD BATCH] New batch, loading to id 1653
[32m[0228 13:53:52 @tiGAN.py:186][0m step: 108, discriminator: loss 0.315564751625, generator loss: 5.59042549133
[32m[0228 13:53:53 @util.py:324][0m [LOAD BATCH] New batch, loading to id 1717
[32m[0228 13:53:53 @tiGAN.py:186][0m step: 109, discriminator: loss 0.662394404411, generator loss: 4.0701956749
[32m[0228 13:53:55 @util.py:324][0m [LOAD BATCH] New batch, loading to id 1781
[32m[0228 13:53:55 @tiGAN.py:186][0m step: 110, discriminator: loss 0.463909268379, generator loss: 5.7255115509
[32m[0228 13:53:56 @util.py:324][0m [LOAD BATCH] New batch, loading to id 1845
[32m[0228 13:53:57 @tiGAN.py:186][0m step: 111, discriminator: loss 0.222034916282, generator loss: 7.01173734665
[32m[0228 13:53:58 @util.py:324][0m [LOAD BATCH] New batch, loading to id 1909
[32m[0228 13:53:58 @tiGAN.py:186][0m step: 112, discriminator: loss 0.400244891644, generator loss: 4.88887071609
[32m[0228 13:53:59 @util.py:324][0m [LOAD BATCH] New batch, loading to id 1973
[32m[0228 13:54:00 @tiGAN.py:186][0m step: 113, discriminator: loss 0.447962760925, generator loss: 5.30869865417
[32m[0228 13:54:01 @util.py:324][0m [LOAD BATCH] New batch, loading to id 2037
[32m[0228 13:54:01 @tiGAN.py:186][0m step: 114, discriminator: loss 0.320847332478, generator loss: 6.2906961441
[32m[0228 13:54:03 @util.py:324][0m [LOAD BATCH] New batch, loading to id 2101
[32m[0228 13:54:03 @tiGAN.py:186][0m step: 115, discriminator: loss 0.380652576685, generator loss: 5.30098772049
[32m[0228 13:54:05 @util.py:324][0m [LOAD BATCH] New batch, loading to id 2165
[32m[0228 13:54:05 @tiGAN.py:186][0m step: 116, discriminator: loss 0.487507879734, generator loss: 4.40922403336
[32m[0228 13:54:06 @util.py:324][0m [LOAD BATCH] New batch, loading to id 2229
[32m[0228 13:54:06 @tiGAN.py:186][0m step: 117, discriminator: loss 0.361899197102, generator loss: 4.46127605438
[32m[0228 13:54:07 @util.py:324][0m [LOAD BATCH] New batch, loading to id 2293
[32m[0228 13:54:07 @tiGAN.py:186][0m step: 118, discriminator: loss 0.423831909895, generator loss: 6.52710485458
[32m[0228 13:54:09 @util.py:324][0m [LOAD BATCH] New batch, loading to id 2357
[32m[0228 13:54:09 @tiGAN.py:186][0m step: 119, discriminator: loss 0.365709841251, generator loss: 7.3433008194
[32m[0228 13:54:10 @util.py:324][0m [LOAD BATCH] New batch, loading to id 2421
[32m[0228 13:54:10 @tiGAN.py:186][0m step: 120, discriminator: loss 0.325573563576, generator loss: 5.56908512115
[32m[0228 13:54:11 @util.py:324][0m [LOAD BATCH] New batch, loading to id 2485
[32m[0228 13:54:11 @tiGAN.py:186][0m step: 121, discriminator: loss 0.30744600296, generator loss: 3.84981155396
[32m[0228 13:54:13 @util.py:324][0m [LOAD BATCH] New batch, loading to id 2549
[32m[0228 13:54:13 @tiGAN.py:186][0m step: 122, discriminator: loss 0.243746235967, generator loss: 4.56325912476
[32m[0228 13:54:14 @util.py:324][0m [LOAD BATCH] New batch, loading to id 2613
[32m[0228 13:54:14 @tiGAN.py:186][0m step: 123, discriminator: loss 0.412710130215, generator loss: 6.01834964752
[32m[0228 13:54:16 @util.py:324][0m [LOAD BATCH] New batch, loading to id 2677
[32m[0228 13:54:16 @tiGAN.py:186][0m step: 124, discriminator: loss 0.269699126482, generator loss: 5.74318981171
[32m[0228 13:54:18 @util.py:324][0m [LOAD BATCH] New batch, loading to id 2741
[32m[0228 13:54:18 @tiGAN.py:186][0m step: 125, discriminator: loss 0.326233208179, generator loss: 5.3314614296
[32m[0228 13:54:19 @util.py:324][0m [LOAD BATCH] New batch, loading to id 2805
[32m[0228 13:54:19 @tiGAN.py:186][0m step: 126, discriminator: loss 0.307321578264, generator loss: 3.84374904633
[32m[0228 13:54:21 @util.py:324][0m [LOAD BATCH] New batch, loading to id 2869
[32m[0228 13:54:21 @tiGAN.py:186][0m step: 127, discriminator: loss 0.330602824688, generator loss: 5.15581846237
[32m[0228 13:54:22 @util.py:324][0m [LOAD BATCH] New batch, loading to id 2933
[32m[0228 13:54:22 @tiGAN.py:186][0m step: 128, discriminator: loss 0.305709421635, generator loss: 6.34676170349
[32m[0228 13:54:24 @util.py:324][0m [LOAD BATCH] New batch, loading to id 2997
[32m[0228 13:54:24 @tiGAN.py:186][0m step: 129, discriminator: loss 0.198156550527, generator loss: 5.85631561279
[32m[0228 13:54:25 @util.py:324][0m [LOAD BATCH] New batch, loading to id 3061
[32m[0228 13:54:26 @tiGAN.py:186][0m step: 130, discriminator: loss 0.31337583065, generator loss: 4.29055213928
[32m[0228 13:54:27 @util.py:324][0m [LOAD BATCH] New batch, loading to id 3125
[32m[0228 13:54:27 @tiGAN.py:186][0m step: 131, discriminator: loss 0.42505210638, generator loss: 4.16343402863
[32m[0228 13:54:28 @util.py:324][0m [LOAD BATCH] New batch, loading to id 3189
[32m[0228 13:54:29 @tiGAN.py:186][0m step: 132, discriminator: loss 0.285537451506, generator loss: 5.92196130753
[32m[0228 13:54:30 @util.py:324][0m [LOAD BATCH] New batch, loading to id 3253
[32m[0228 13:54:30 @tiGAN.py:186][0m step: 133, discriminator: loss 0.326430231333, generator loss: 5.40166759491
[32m[0228 13:54:31 @util.py:324][0m [LOAD BATCH] New batch, loading to id 3317
[32m[0228 13:54:31 @tiGAN.py:186][0m step: 134, discriminator: loss 0.214635387063, generator loss: 5.79318332672
[32m[0228 13:54:32 @util.py:324][0m [LOAD BATCH] New batch, loading to id 3381
[32m[0228 13:54:32 @tiGAN.py:186][0m step: 135, discriminator: loss 0.252408862114, generator loss: 5.36822032928
[32m[0228 13:54:33 @util.py:324][0m [LOAD BATCH] New batch, loading to id 3445
[32m[0228 13:54:34 @tiGAN.py:186][0m step: 136, discriminator: loss 0.219661846757, generator loss: 5.61334991455
[32m[0228 13:54:35 @util.py:324][0m [LOAD BATCH] New batch, loading to id 3509
[32m[0228 13:54:35 @tiGAN.py:186][0m step: 137, discriminator: loss 0.423305869102, generator loss: 4.52358341217
[32m[0228 13:54:36 @util.py:324][0m [LOAD BATCH] New batch, loading to id 3573
[32m[0228 13:54:36 @tiGAN.py:186][0m step: 138, discriminator: loss 0.454906761646, generator loss: 8.46545982361
[32m[0228 13:54:37 @util.py:324][0m [LOAD BATCH] New batch, loading to id 3637
[32m[0228 13:54:38 @tiGAN.py:186][0m step: 139, discriminator: loss 0.119780540466, generator loss: 10.2465839386
[32m[0228 13:54:39 @util.py:324][0m [LOAD BATCH] New batch, loading to id 3701
[32m[0228 13:54:39 @tiGAN.py:186][0m step: 140, discriminator: loss 0.164706140757, generator loss: 10.0502910614
[32m[0228 13:54:40 @util.py:324][0m [LOAD BATCH] New batch, loading to id 3765
[32m[0228 13:54:41 @tiGAN.py:186][0m step: 141, discriminator: loss 0.327455163002, generator loss: 5.39014816284
[32m[0228 13:54:42 @util.py:324][0m [LOAD BATCH] New batch, loading to id 3829
[32m[0228 13:54:42 @tiGAN.py:186][0m step: 142, discriminator: loss 0.183155477047, generator loss: 3.76339578629
[32m[0228 13:54:44 @util.py:324][0m [LOAD BATCH] New batch, loading to id 3893
[32m[0228 13:54:44 @tiGAN.py:186][0m step: 143, discriminator: loss 0.240277931094, generator loss: 4.91642427444
[32m[0228 13:54:45 @util.py:324][0m [LOAD BATCH] New batch, loading to id 3957
[32m[0228 13:54:45 @tiGAN.py:186][0m step: 144, discriminator: loss 0.177578940988, generator loss: 5.44723415375
[32m[0228 13:54:47 @util.py:324][0m [LOAD BATCH] New batch, loading to id 4021
[32m[0228 13:54:47 @tiGAN.py:186][0m step: 145, discriminator: loss 0.342565566301, generator loss: 4.79089069366
[32m[0228 13:54:49 @util.py:324][0m [LOAD BATCH] New batch, loading to id 4085
[32m[0228 13:54:49 @tiGAN.py:186][0m step: 146, discriminator: loss 0.396285653114, generator loss: 4.27518081665
[32m[0228 13:54:51 @util.py:324][0m [LOAD BATCH] New batch, loading to id 4149
[32m[0228 13:54:51 @tiGAN.py:186][0m step: 147, discriminator: loss 0.183907970786, generator loss: 4.47070074081
[32m[0228 13:54:52 @util.py:324][0m [LOAD BATCH] New batch, loading to id 4213
[32m[0228 13:54:52 @tiGAN.py:186][0m step: 148, discriminator: loss 0.152630031109, generator loss: 4.03333377838
[32m[0228 13:54:54 @util.py:324][0m [LOAD BATCH] New batch, loading to id 4277
[32m[0228 13:54:54 @tiGAN.py:186][0m step: 149, discriminator: loss 0.211151793599, generator loss: 5.38064002991
[32m[0228 13:54:56 @util.py:324][0m [LOAD BATCH] New batch, loading to id 4341
[32m[0228 13:54:56 @tiGAN.py:186][0m step: 150, discriminator: loss 0.327497035265, generator loss: 5.48827934265
[32m[0228 13:54:57 @util.py:324][0m [LOAD BATCH] New batch, loading to id 4405
[32m[0228 13:54:58 @tiGAN.py:186][0m step: 151, discriminator: loss 0.252622485161, generator loss: 6.23600816727
[32m[0228 13:54:59 @util.py:324][0m [LOAD BATCH] New batch, loading to id 4469
[32m[0228 13:54:59 @tiGAN.py:186][0m step: 152, discriminator: loss 0.317575782537, generator loss: 3.32655286789
[32m[0228 13:55:00 @util.py:324][0m [LOAD BATCH] New batch, loading to id 4533
[32m[0228 13:55:00 @tiGAN.py:186][0m step: 153, discriminator: loss 0.163283139467, generator loss: 3.12651729584
[32m[0228 13:55:02 @util.py:324][0m [LOAD BATCH] New batch, loading to id 4597
[32m[0228 13:55:02 @tiGAN.py:186][0m step: 154, discriminator: loss 0.262690037489, generator loss: 4.80945014954
[32m[0228 13:55:03 @util.py:324][0m [LOAD BATCH] New batch, loading to id 4661
[32m[0228 13:55:04 @tiGAN.py:186][0m step: 155, discriminator: loss 0.194426372647, generator loss: 4.52427864075
[32m[0228 13:55:05 @util.py:324][0m [LOAD BATCH] New batch, loading to id 4725
[32m[0228 13:55:05 @tiGAN.py:186][0m step: 156, discriminator: loss 0.246482849121, generator loss: 3.6880364418
[32m[0228 13:55:07 @util.py:324][0m [LOAD BATCH] New batch, loading to id 4789
[32m[0228 13:55:07 @tiGAN.py:186][0m step: 157, discriminator: loss 0.580742061138, generator loss: 4.61594295502
[32m[0228 13:55:08 @util.py:324][0m [LOAD BATCH] New batch, loading to id 4853
[32m[0228 13:55:08 @tiGAN.py:186][0m step: 158, discriminator: loss 0.315962076187, generator loss: 6.0326628685
[32m[0228 13:55:10 @util.py:324][0m [LOAD BATCH] New batch, loading to id 4917
[32m[0228 13:55:10 @tiGAN.py:186][0m step: 159, discriminator: loss 0.148502767086, generator loss: 3.84262657166
[32m[0228 13:55:11 @util.py:324][0m [LOAD BATCH] New batch, loading to id 4981
[32m[0228 13:55:11 @tiGAN.py:186][0m step: 160, discriminator: loss 0.10096655041, generator loss: 3.97785615921
[32m[0228 13:55:13 @util.py:324][0m [LOAD BATCH] New batch, loading to id 5045
[32m[0228 13:55:13 @tiGAN.py:186][0m step: 161, discriminator: loss 0.12236969918, generator loss: 4.24541521072
[32m[0228 13:55:15 @util.py:324][0m [LOAD BATCH] New batch, loading to id 5109
[32m[0228 13:55:15 @tiGAN.py:186][0m step: 162, discriminator: loss 0.267312884331, generator loss: 3.62307071686
[32m[0228 13:55:17 @util.py:324][0m [LOAD BATCH] New batch, loading to id 5173
[32m[0228 13:55:17 @tiGAN.py:186][0m step: 163, discriminator: loss 0.139872789383, generator loss: 4.17218351364
[32m[0228 13:55:18 @util.py:324][0m [LOAD BATCH] New batch, loading to id 5237
[32m[0228 13:55:18 @tiGAN.py:186][0m step: 164, discriminator: loss 0.416249334812, generator loss: 2.92324233055
[32m[0228 13:55:20 @util.py:324][0m [LOAD BATCH] New batch, loading to id 5301
[32m[0228 13:55:20 @tiGAN.py:186][0m step: 165, discriminator: loss 0.23364380002, generator loss: 3.23847770691
[32m[0228 13:55:22 @util.py:324][0m [LOAD BATCH] New batch, loading to id 42
[32m[0228 13:55:22 @tiGAN.py:186][0m step: 166, discriminator: loss 0.145568072796, generator loss: 5.13223648071
[32m[0228 13:55:23 @util.py:324][0m [LOAD BATCH] New batch, loading to id 106
[32m[0228 13:55:24 @tiGAN.py:186][0m step: 167, discriminator: loss 0.185589894652, generator loss: 3.65542054176
[32m[0228 13:55:25 @util.py:324][0m [LOAD BATCH] New batch, loading to id 170
[32m[0228 13:55:25 @tiGAN.py:186][0m step: 168, discriminator: loss 0.11929590255, generator loss: 4.08122253418
[32m[0228 13:55:27 @util.py:324][0m [LOAD BATCH] New batch, loading to id 234
[32m[0228 13:55:27 @tiGAN.py:186][0m step: 169, discriminator: loss 0.393419981003, generator loss: 4.94223690033
[32m[0228 13:55:29 @util.py:324][0m [LOAD BATCH] New batch, loading to id 298
[32m[0228 13:55:29 @tiGAN.py:186][0m step: 170, discriminator: loss 0.432124316692, generator loss: 3.56926822662
[32m[0228 13:55:30 @util.py:324][0m [LOAD BATCH] New batch, loading to id 362
[32m[0228 13:55:30 @tiGAN.py:186][0m step: 171, discriminator: loss 0.217481285334, generator loss: 2.94099545479
[32m[0228 13:55:32 @util.py:324][0m [LOAD BATCH] New batch, loading to id 426
[32m[0228 13:55:32 @tiGAN.py:186][0m step: 172, discriminator: loss 0.264207690954, generator loss: 3.52675294876
[32m[0228 13:55:34 @util.py:324][0m [LOAD BATCH] New batch, loading to id 490
[32m[0228 13:55:34 @tiGAN.py:186][0m step: 173, discriminator: loss 0.340205162764, generator loss: 4.06774425507
[32m[0228 13:55:35 @util.py:324][0m [LOAD BATCH] New batch, loading to id 554
[32m[0228 13:55:35 @tiGAN.py:186][0m step: 174, discriminator: loss 0.0618557780981, generator loss: 5.73068571091
[32m[0228 13:55:37 @util.py:324][0m [LOAD BATCH] New batch, loading to id 618
[32m[0228 13:55:37 @tiGAN.py:186][0m step: 175, discriminator: loss 0.238418594003, generator loss: 6.25950717926
[32m[0228 13:55:39 @util.py:324][0m [LOAD BATCH] New batch, loading to id 682
[32m[0228 13:55:39 @tiGAN.py:186][0m step: 176, discriminator: loss 0.0890229344368, generator loss: 4.64092445374
[32m[0228 13:55:40 @util.py:324][0m [LOAD BATCH] New batch, loading to id 746
[32m[0228 13:55:40 @tiGAN.py:186][0m step: 177, discriminator: loss 0.551448345184, generator loss: 4.58607816696
[32m[0228 13:55:42 @util.py:324][0m [LOAD BATCH] New batch, loading to id 810
[32m[0228 13:55:42 @tiGAN.py:186][0m step: 178, discriminator: loss 0.134383156896, generator loss: 7.13145923615
[32m[0228 13:55:44 @util.py:324][0m [LOAD BATCH] New batch, loading to id 874
[32m[0228 13:55:44 @tiGAN.py:186][0m step: 179, discriminator: loss 0.495064735413, generator loss: 4.5364408493
[32m[0228 13:55:45 @util.py:324][0m [LOAD BATCH] New batch, loading to id 938
[32m[0228 13:55:45 @tiGAN.py:186][0m step: 180, discriminator: loss 0.141202241182, generator loss: 3.58273983002
[32m[0228 13:55:46 @util.py:324][0m [LOAD BATCH] New batch, loading to id 1002
[32m[0228 13:55:47 @tiGAN.py:186][0m step: 181, discriminator: loss 0.399582326412, generator loss: 4.81152391434
[32m[0228 13:55:48 @util.py:324][0m [LOAD BATCH] New batch, loading to id 1066
[32m[0228 13:55:48 @tiGAN.py:186][0m step: 182, discriminator: loss 0.156024724245, generator loss: 4.33553028107
