[32m[0222 21:51:42 @logger.py:67][0m Log file set to /ais/gobi4/tingwuwang/joint_embedding/tool/train_T2I.py/../../log/TIGAN_0222-215142.log
[32m[0222 21:51:42 @train_T2I.py:31][0m Session starts, using gpu: 0
[32m[0222 21:51:42 @tiGAN.py:37][0m [31mWRN[0m test mode is not supported currently
[32m[0222 21:51:42 @tiGAN.py:54][0m Building the text to image GAN model
[32m[0222 21:51:44 @tiGAN.py:62][0m loss from real image and right text generated
[32m[0222 21:51:44 @tiGAN.py:71][0m loss from real image and wrong text generated
[32m[0222 21:51:44 @tiGAN.py:84][0m loss from fake image and right text generated
[32m[0222 21:51:58 @util.py:182][0m trying to load the dataset bird
[32m[0222 21:51:58 @util.py:225][0m loaded data split from /ais/gobi4/tingwuwang/joint_embedding/tool/../data/data_dir/bird/bird_list.npy
[32m[0222 21:51:58 @util.py:200][0m data loader initialized
[32m[0222 21:51:58 @util.py:318][0m [LOAD BATCH] New batch, loading to id 16
[32m[0222 21:52:02 @tiGAN.py:141][0m step: 0, discriminator: loss 1.47712314129, generator loss: 0.69287866354
[32m[0222 21:52:02 @util.py:318][0m [LOAD BATCH] New batch, loading to id 32
[32m[0222 21:52:05 @tiGAN.py:141][0m step: 1, discriminator: loss 1.37924158573, generator loss: 0.692623972893
[32m[0222 21:52:06 @util.py:318][0m [LOAD BATCH] New batch, loading to id 48
[32m[0222 21:52:09 @tiGAN.py:141][0m step: 2, discriminator: loss 1.36261713505, generator loss: 0.691504240036
[32m[0222 21:52:09 @util.py:318][0m [LOAD BATCH] New batch, loading to id 64
[32m[0222 21:52:12 @tiGAN.py:141][0m step: 3, discriminator: loss 1.3548322916, generator loss: 0.692013144493
[32m[0222 21:52:13 @util.py:318][0m [LOAD BATCH] New batch, loading to id 80
[32m[0222 21:52:16 @tiGAN.py:141][0m step: 4, discriminator: loss 1.36783790588, generator loss: 0.692846059799
[32m[0222 21:52:27 @tiGAN.py:189][0m checkpoint saved to /ais/gobi4/tingwuwang/joint_embedding/tool/../model/../checkpoint/tigan_5.ckpt
[32m[0222 21:52:27 @util.py:357][0m [Sampling] New samples, total number: 16
[32m[0222 21:52:27 @tiGAN.py:175][0m Making new directory /ais/gobi4/tingwuwang/joint_embedding/tool/../model/../data/data_dir/bird/sample/5
