[32m[0222 21:37:18 @logger.py:67][0m Log file set to /ais/gobi4/tingwuwang/joint_embedding/tool/train_T2I.py/../../log/TIGAN_0222-213718.log
[32m[0222 21:37:18 @train_T2I.py:31][0m Session starts, using gpu: 0
[32m[0222 21:37:18 @tiGAN.py:37][0m [31mWRN[0m test mode is not supported currently
[32m[0222 21:37:18 @tiGAN.py:54][0m Building the text to image GAN model
[32m[0222 21:37:20 @tiGAN.py:62][0m loss from real image and right text generated
[32m[0222 21:37:20 @tiGAN.py:71][0m loss from real image and wrong text generated
[32m[0222 21:37:21 @tiGAN.py:84][0m loss from fake image and right text generated
[32m[0222 21:37:33 @util.py:185][0m trying to load the dataset bird
[32m[0222 21:37:33 @util.py:226][0m loaded data split from /ais/gobi4/tingwuwang/joint_embedding/tool/../data/data_dir/bird/bird_list.npy
[32m[0222 21:37:34 @util.py:319][0m [LOAD BATCH] New batch, loading to id 16
[32m[0222 21:37:38 @tiGAN.py:141][0m step: 0, discriminator: loss 1.4506405592, generator loss: 0.692925453186
[32m[0222 21:37:38 @util.py:319][0m [LOAD BATCH] New batch, loading to id 32
[32m[0222 21:37:41 @tiGAN.py:141][0m step: 1, discriminator: loss 1.36340284348, generator loss: 0.692069470882
[32m[0222 21:37:41 @util.py:319][0m [LOAD BATCH] New batch, loading to id 48
[32m[0222 21:37:45 @tiGAN.py:141][0m step: 2, discriminator: loss 1.35689997673, generator loss: 0.691767334938
[32m[0222 21:37:45 @util.py:319][0m [LOAD BATCH] New batch, loading to id 64
[32m[0222 21:37:48 @tiGAN.py:141][0m step: 3, discriminator: loss 1.33788430691, generator loss: 0.690783321857
[32m[0222 21:37:49 @util.py:319][0m [LOAD BATCH] New batch, loading to id 80
[32m[0222 21:37:51 @tiGAN.py:141][0m step: 4, discriminator: loss 1.38398742676, generator loss: 0.692970752716
[32m[0222 21:38:02 @tiGAN.py:189][0m checkpoint saved to /ais/gobi4/tingwuwang/joint_embedding/tool/../model/../checkpoint/tigan_5.ckpt
