[32m[0222 22:53:11 @logger.py:67][0m Log file set to /ais/gobi4/tingwuwang/joint_embedding/tool/train_T2I.py/../../log/TIGAN_0222-225311.log
[32m[0222 22:53:11 @train_T2I.py:31][0m Session starts, using gpu: 0
[32m[0222 22:53:11 @tiGAN.py:37][0m [31mWRN[0m test mode is not supported currently
[32m[0222 22:53:11 @tiGAN.py:54][0m Building the text to image GAN model
[32m[0222 22:53:14 @tiGAN.py:64][0m loss from real image and right text generated
[32m[0222 22:53:14 @tiGAN.py:75][0m loss from real image and wrong text generated
[32m[0222 22:53:15 @tiGAN.py:92][0m loss from fake image and right text generated
[32m[0222 22:53:40 @tiGAN.py:165][0m summary write initialized, writing to /ais/gobi4/tingwuwang/joint_embedding/tool/../model/../summary
[32m[0222 22:53:40 @util.py:182][0m trying to load the dataset bird
[32m[0222 22:53:40 @util.py:225][0m loaded data split from /ais/gobi4/tingwuwang/joint_embedding/tool/../data/data_dir/bird/bird_list.npy
[32m[0222 22:53:40 @util.py:200][0m data loader initialized
[32m[0222 22:53:40 @util.py:318][0m [LOAD BATCH] New batch, loading to id 16
[32m[0222 22:53:44 @tiGAN.py:182][0m step: 0, discriminator: loss 1.42795968056, generator loss: 0.693024456501
[32m[0222 22:53:45 @util.py:318][0m [LOAD BATCH] New batch, loading to id 32
[32m[0222 22:53:48 @tiGAN.py:182][0m step: 1, discriminator: loss 1.36448025703, generator loss: 0.692483186722
[32m[0222 22:53:48 @util.py:318][0m [LOAD BATCH] New batch, loading to id 48
[32m[0222 22:53:51 @tiGAN.py:182][0m step: 2, discriminator: loss 1.34544849396, generator loss: 0.691585838795
[32m[0222 22:53:51 @util.py:318][0m [LOAD BATCH] New batch, loading to id 64
[32m[0222 22:53:54 @tiGAN.py:182][0m step: 3, discriminator: loss 1.36272573471, generator loss: 0.69261598587
[32m[0222 22:53:55 @util.py:318][0m [LOAD BATCH] New batch, loading to id 80
[32m[0222 22:53:58 @tiGAN.py:182][0m step: 4, discriminator: loss 1.34317827225, generator loss: 0.692970216274
[32m[0222 22:54:08 @tiGAN.py:236][0m checkpoint saved to /ais/gobi4/tingwuwang/joint_embedding/tool/../model/../checkpoint/tigan_5.ckpt
[32m[0222 22:54:08 @util.py:357][0m [Sampling] New samples, total number: 16
