[32m[0222 22:51:45 @logger.py:67][0m Log file set to /ais/gobi4/tingwuwang/joint_embedding/tool/train_T2I.py/../../log/TIGAN_0222-225145.log
[32m[0222 22:51:45 @train_T2I.py:31][0m Session starts, using gpu: 0
[32m[0222 22:51:45 @tiGAN.py:37][0m [31mWRN[0m test mode is not supported currently
[32m[0222 22:51:45 @tiGAN.py:54][0m Building the text to image GAN model
[32m[0222 22:51:47 @tiGAN.py:64][0m loss from real image and right text generated
[32m[0222 22:51:48 @tiGAN.py:75][0m loss from real image and wrong text generated
[32m[0222 22:51:48 @tiGAN.py:92][0m loss from fake image and right text generated
[32m[0222 22:52:13 @tiGAN.py:165][0m summary write initialized, writing to /ais/gobi4/tingwuwang/joint_embedding/tool/../model/../summary
[32m[0222 22:52:13 @util.py:182][0m trying to load the dataset bird
[32m[0222 22:52:13 @util.py:225][0m loaded data split from /ais/gobi4/tingwuwang/joint_embedding/tool/../data/data_dir/bird/bird_list.npy
[32m[0222 22:52:13 @util.py:200][0m data loader initialized
[32m[0222 22:52:14 @util.py:318][0m [LOAD BATCH] New batch, loading to id 16
[32m[0222 22:52:17 @tiGAN.py:182][0m step: 0, discriminator: loss 1.41137123108, generator loss: 0.693075597286
[32m[0222 22:52:18 @util.py:318][0m [LOAD BATCH] New batch, loading to id 32
[32m[0222 22:52:21 @tiGAN.py:182][0m step: 1, discriminator: loss 1.3692252636, generator loss: 0.691916704178
[32m[0222 22:52:21 @util.py:318][0m [LOAD BATCH] New batch, loading to id 48
[32m[0222 22:52:24 @tiGAN.py:182][0m step: 2, discriminator: loss 1.36803245544, generator loss: 0.692390024662
[32m[0222 22:52:24 @util.py:318][0m [LOAD BATCH] New batch, loading to id 64
[32m[0222 22:52:27 @tiGAN.py:182][0m step: 3, discriminator: loss 1.35114967823, generator loss: 0.692040324211
[32m[0222 22:52:28 @util.py:318][0m [LOAD BATCH] New batch, loading to id 80
[32m[0222 22:52:31 @tiGAN.py:182][0m step: 4, discriminator: loss 1.44027352333, generator loss: 0.693021774292
[32m[0222 22:52:41 @tiGAN.py:236][0m checkpoint saved to /ais/gobi4/tingwuwang/joint_embedding/tool/../model/../checkpoint/tigan_5.ckpt
[32m[0222 22:52:41 @util.py:357][0m [Sampling] New samples, total number: 16
