[32m[0227 19:58:40 @logger.py:67][0m Log file set to /ais/gobi4/tingwuwang/joint_embedding/tool/train_T2I.py/../../log/TIGAN_0227-195840.log
[32m[0227 19:58:43 @train_T2I.py:31][0m Session starts, using gpu: 0
[32m[0227 19:58:43 @tiGAN.py:38][0m [31mWRN[0m test mode is not supported currently
[32m[0227 19:58:43 @tiGAN.py:55][0m Building the text to image GAN model
[32m[0227 19:58:45 @tiGAN.py:66][0m loss from real image generated
[32m[0227 19:58:45 @GAN.py:29][0m Image generator in training mode: True
[32m[0227 19:58:45 @tiGAN.py:83][0m loss from fake image and right text generated
[32m[0227 19:58:45 @GAN.py:29][0m Image generator in training mode: False
[32m[0227 19:58:57 @tiGAN.py:157][0m summary write initialized, writing to /ais/gobi4/tingwuwang/joint_embedding/tool/../model/../summary
[32m[0227 19:58:57 @util.py:183][0m trying to load the dataset bird
[32m[0227 19:58:57 @util.py:232][0m loaded data split from /ais/gobi4/tingwuwang/joint_embedding/tool/../data/data_dir/bird/bird_list.npy
[32m[0227 19:58:57 @util.py:207][0m data loader initialized
[32m[0227 19:58:58 @util.py:324][0m [LOAD BATCH] New batch, loading to id 64
[32m[0227 19:58:59 @tiGAN.py:205][0m step: 0, discriminator: loss 2.08322095871, generator loss: 1.24201369286
[32m[0227 19:59:00 @util.py:324][0m [LOAD BATCH] New batch, loading to id 128
[32m[0227 19:59:00 @tiGAN.py:205][0m step: 1, discriminator: loss 4.41645240784, generator loss: 0.103525392711
[32m[0227 19:59:01 @util.py:324][0m [LOAD BATCH] New batch, loading to id 192
[32m[0227 19:59:01 @tiGAN.py:205][0m step: 2, discriminator: loss 6.44907665253, generator loss: 0.0123046692461
[32m[0227 19:59:02 @util.py:324][0m [LOAD BATCH] New batch, loading to id 256
[32m[0227 19:59:02 @tiGAN.py:205][0m step: 3, discriminator: loss 7.33684444427, generator loss: 0.00645264890045
[32m[0227 19:59:04 @util.py:324][0m [LOAD BATCH] New batch, loading to id 320
[32m[0227 19:59:04 @tiGAN.py:205][0m step: 4, discriminator: loss 8.01197719574, generator loss: 0.00299405981787
[32m[0227 19:59:05 @util.py:324][0m [LOAD BATCH] New batch, loading to id 384
[32m[0227 19:59:05 @tiGAN.py:205][0m step: 5, discriminator: loss 8.47526836395, generator loss: 0.00177693308797
[32m[0227 19:59:06 @util.py:324][0m [LOAD BATCH] New batch, loading to id 448
[32m[0227 19:59:06 @tiGAN.py:205][0m step: 6, discriminator: loss 8.86683654785, generator loss: 0.00154122360982
[32m[0227 19:59:07 @util.py:324][0m [LOAD BATCH] New batch, loading to id 512
[32m[0227 19:59:07 @tiGAN.py:205][0m step: 7, discriminator: loss 8.78437137604, generator loss: 0.00124024506658
[32m[0227 19:59:08 @util.py:324][0m [LOAD BATCH] New batch, loading to id 576
[32m[0227 19:59:08 @tiGAN.py:205][0m step: 8, discriminator: loss 8.91745471954, generator loss: 0.00120998173952
[32m[0227 19:59:09 @util.py:324][0m [LOAD BATCH] New batch, loading to id 640
[32m[0227 19:59:09 @tiGAN.py:205][0m step: 9, discriminator: loss 9.04335212708, generator loss: 0.00110952206887
[32m[0227 19:59:10 @util.py:324][0m [LOAD BATCH] New batch, loading to id 704
[32m[0227 19:59:10 @tiGAN.py:205][0m step: 10, discriminator: loss 8.81946849823, generator loss: 0.00136691273656
[32m[0227 19:59:11 @util.py:324][0m [LOAD BATCH] New batch, loading to id 768
[32m[0227 19:59:11 @tiGAN.py:205][0m step: 11, discriminator: loss 8.96685600281, generator loss: 0.00103401951492
[32m[0227 19:59:12 @util.py:324][0m [LOAD BATCH] New batch, loading to id 832
[32m[0227 19:59:12 @tiGAN.py:205][0m step: 12, discriminator: loss 9.36158466339, generator loss: 0.000782763177995
[32m[0227 19:59:13 @util.py:324][0m [LOAD BATCH] New batch, loading to id 896
[32m[0227 19:59:13 @tiGAN.py:205][0m step: 13, discriminator: loss 9.31629085541, generator loss: 0.000907687295694
[32m[0227 19:59:14 @util.py:324][0m [LOAD BATCH] New batch, loading to id 960
[32m[0227 19:59:14 @tiGAN.py:205][0m step: 14, discriminator: loss 9.10538482666, generator loss: 0.000854104873724
[32m[0227 19:59:15 @util.py:324][0m [LOAD BATCH] New batch, loading to id 1024
[32m[0227 19:59:15 @tiGAN.py:205][0m step: 15, discriminator: loss 9.34089660645, generator loss: 0.000870286719874
[32m[0227 19:59:16 @util.py:324][0m [LOAD BATCH] New batch, loading to id 1088
[32m[0227 19:59:16 @tiGAN.py:205][0m step: 16, discriminator: loss 9.34010314941, generator loss: 0.000732781016268
[32m[0227 19:59:18 @util.py:324][0m [LOAD BATCH] New batch, loading to id 1152
[32m[0227 19:59:18 @tiGAN.py:205][0m step: 17, discriminator: loss 9.31087207794, generator loss: 0.000709345098585
[32m[0227 19:59:19 @util.py:324][0m [LOAD BATCH] New batch, loading to id 1216
[32m[0227 19:59:19 @tiGAN.py:205][0m step: 18, discriminator: loss 9.48562717438, generator loss: 0.000751609273721
[32m[0227 19:59:20 @util.py:324][0m [LOAD BATCH] New batch, loading to id 1280
[32m[0227 19:59:20 @tiGAN.py:205][0m step: 19, discriminator: loss 9.36200714111, generator loss: 0.000724749523215
[32m[0227 19:59:21 @util.py:324][0m [LOAD BATCH] New batch, loading to id 1344
[32m[0227 19:59:21 @tiGAN.py:205][0m step: 20, discriminator: loss 9.4563703537, generator loss: 0.000690328539349
[32m[0227 19:59:22 @util.py:324][0m [LOAD BATCH] New batch, loading to id 1408
[32m[0227 19:59:22 @tiGAN.py:205][0m step: 21, discriminator: loss 9.41306877136, generator loss: 0.000747128389776
[32m[0227 19:59:23 @util.py:324][0m [LOAD BATCH] New batch, loading to id 1472
[32m[0227 19:59:23 @tiGAN.py:205][0m step: 22, discriminator: loss 9.46984195709, generator loss: 0.000608222559094
[32m[0227 19:59:24 @util.py:324][0m [LOAD BATCH] New batch, loading to id 1536
[32m[0227 19:59:24 @tiGAN.py:205][0m step: 23, discriminator: loss 9.26461219788, generator loss: 0.000721883145161
[32m[0227 19:59:25 @util.py:324][0m [LOAD BATCH] New batch, loading to id 1600
[32m[0227 19:59:25 @tiGAN.py:205][0m step: 24, discriminator: loss 9.762383461, generator loss: 0.000457769900095
[32m[0227 19:59:26 @util.py:324][0m [LOAD BATCH] New batch, loading to id 1664
[32m[0227 19:59:26 @tiGAN.py:205][0m step: 25, discriminator: loss 9.59132671356, generator loss: 0.000652872491628
[32m[0227 19:59:27 @util.py:324][0m [LOAD BATCH] New batch, loading to id 1728
[32m[0227 19:59:27 @tiGAN.py:205][0m step: 26, discriminator: loss 9.49385356903, generator loss: 0.000755645916797
[32m[0227 19:59:28 @util.py:324][0m [LOAD BATCH] New batch, loading to id 1792
[32m[0227 19:59:28 @tiGAN.py:205][0m step: 27, discriminator: loss 9.89827728271, generator loss: 0.000430116604548
[32m[0227 19:59:29 @util.py:324][0m [LOAD BATCH] New batch, loading to id 1856
[32m[0227 19:59:29 @tiGAN.py:205][0m step: 28, discriminator: loss 9.87871932983, generator loss: 0.000547083211131
[32m[0227 19:59:30 @util.py:324][0m [LOAD BATCH] New batch, loading to id 1920
[32m[0227 19:59:31 @tiGAN.py:205][0m step: 29, discriminator: loss 9.67306137085, generator loss: 0.000429056381108
[32m[0227 19:59:32 @util.py:324][0m [LOAD BATCH] New batch, loading to id 1984
[32m[0227 19:59:32 @tiGAN.py:205][0m step: 30, discriminator: loss 9.65687465668, generator loss: 0.000545928196516
[32m[0227 19:59:33 @util.py:324][0m [LOAD BATCH] New batch, loading to id 2048
[32m[0227 19:59:33 @tiGAN.py:205][0m step: 31, discriminator: loss 9.95040512085, generator loss: 0.000420668715378
[32m[0227 19:59:34 @util.py:324][0m [LOAD BATCH] New batch, loading to id 2112
[32m[0227 19:59:34 @tiGAN.py:205][0m step: 32, discriminator: loss 10.0544614792, generator loss: 0.000379433447961
[32m[0227 19:59:35 @util.py:324][0m [LOAD BATCH] New batch, loading to id 2176
[32m[0227 19:59:35 @tiGAN.py:205][0m step: 33, discriminator: loss 9.99205780029, generator loss: 0.000506680342369
[32m[0227 19:59:36 @util.py:324][0m [LOAD BATCH] New batch, loading to id 2240
[32m[0227 19:59:36 @tiGAN.py:205][0m step: 34, discriminator: loss 9.77222156525, generator loss: 0.000410142762121
[32m[0227 19:59:37 @util.py:324][0m [LOAD BATCH] New batch, loading to id 2304
[32m[0227 19:59:37 @tiGAN.py:205][0m step: 35, discriminator: loss 10.0022058487, generator loss: 0.000374954397557
[32m[0227 19:59:38 @util.py:324][0m [LOAD BATCH] New batch, loading to id 2368
[32m[0227 19:59:38 @tiGAN.py:205][0m step: 36, discriminator: loss 10.0117645264, generator loss: 0.000324582651956
[32m[0227 19:59:39 @util.py:324][0m [LOAD BATCH] New batch, loading to id 2432
[32m[0227 19:59:39 @tiGAN.py:205][0m step: 37, discriminator: loss 10.229927063, generator loss: 0.000350677262759
[32m[0227 19:59:40 @util.py:324][0m [LOAD BATCH] New batch, loading to id 2496
[32m[0227 19:59:40 @tiGAN.py:205][0m step: 38, discriminator: loss 10.1519441605, generator loss: 0.000385828432627
[32m[0227 19:59:41 @util.py:324][0m [LOAD BATCH] New batch, loading to id 2560
[32m[0227 19:59:42 @tiGAN.py:205][0m step: 39, discriminator: loss 9.93161296844, generator loss: 0.000318303355016
[32m[0227 19:59:43 @util.py:324][0m [LOAD BATCH] New batch, loading to id 2624
[32m[0227 19:59:43 @tiGAN.py:205][0m step: 40, discriminator: loss 9.83934783936, generator loss: 0.000343365682056
[32m[0227 19:59:44 @util.py:324][0m [LOAD BATCH] New batch, loading to id 2688
[32m[0227 19:59:44 @tiGAN.py:205][0m step: 41, discriminator: loss 10.4953308105, generator loss: 0.000261047302047
[32m[0227 19:59:45 @util.py:324][0m [LOAD BATCH] New batch, loading to id 2752
[32m[0227 19:59:45 @tiGAN.py:205][0m step: 42, discriminator: loss 10.0811443329, generator loss: 0.000336473050993
[32m[0227 19:59:46 @util.py:324][0m [LOAD BATCH] New batch, loading to id 2816
[32m[0227 19:59:46 @tiGAN.py:205][0m step: 43, discriminator: loss 10.4240207672, generator loss: 0.000264988135314
[32m[0227 19:59:47 @util.py:324][0m [LOAD BATCH] New batch, loading to id 2880
[32m[0227 19:59:47 @tiGAN.py:205][0m step: 44, discriminator: loss 10.5457210541, generator loss: 0.000242022055318
[32m[0227 19:59:48 @util.py:324][0m [LOAD BATCH] New batch, loading to id 2944
[32m[0227 19:59:48 @tiGAN.py:205][0m step: 45, discriminator: loss 10.6460380554, generator loss: 0.000253789912676
[32m[0227 19:59:49 @util.py:324][0m [LOAD BATCH] New batch, loading to id 3008
[32m[0227 19:59:49 @tiGAN.py:205][0m step: 46, discriminator: loss 10.2341594696, generator loss: 0.000301443214994
[32m[0227 19:59:50 @util.py:324][0m [LOAD BATCH] New batch, loading to id 3072
[32m[0227 19:59:50 @tiGAN.py:205][0m step: 47, discriminator: loss 10.470498085, generator loss: 0.000288240611553
[32m[0227 19:59:51 @util.py:324][0m [LOAD BATCH] New batch, loading to id 3136
[32m[0227 19:59:51 @tiGAN.py:205][0m step: 48, discriminator: loss 10.4941234589, generator loss: 0.000195434229681
[32m[0227 19:59:52 @util.py:324][0m [LOAD BATCH] New batch, loading to id 3200
[32m[0227 19:59:52 @tiGAN.py:205][0m step: 49, discriminator: loss 10.3353395462, generator loss: 0.000267570954747
[32m[0227 19:59:53 @util.py:324][0m [LOAD BATCH] New batch, loading to id 3264
[32m[0227 19:59:53 @tiGAN.py:205][0m step: 50, discriminator: loss 10.529510498, generator loss: 0.000276529317489
[32m[0227 19:59:55 @util.py:324][0m [LOAD BATCH] New batch, loading to id 3328
[32m[0227 19:59:55 @tiGAN.py:205][0m step: 51, discriminator: loss 10.531908989, generator loss: 0.000226497199037
[32m[0227 19:59:56 @util.py:324][0m [LOAD BATCH] New batch, loading to id 3392
[32m[0227 19:59:56 @tiGAN.py:205][0m step: 52, discriminator: loss 10.6144933701, generator loss: 0.000213642240851
[32m[0227 19:59:57 @util.py:324][0m [LOAD BATCH] New batch, loading to id 3456
[32m[0227 19:59:57 @tiGAN.py:205][0m step: 53, discriminator: loss 10.5040416718, generator loss: 0.000205326621654
[32m[0227 19:59:58 @util.py:324][0m [LOAD BATCH] New batch, loading to id 3520
[32m[0227 19:59:58 @tiGAN.py:205][0m step: 54, discriminator: loss 10.5118408203, generator loss: 0.00020342550124
[32m[0227 19:59:59 @util.py:324][0m [LOAD BATCH] New batch, loading to id 3584
[32m[0227 19:59:59 @tiGAN.py:205][0m step: 55, discriminator: loss 10.7614307404, generator loss: 0.000152015054482
[32m[0227 20:00:00 @util.py:324][0m [LOAD BATCH] New batch, loading to id 3648
[32m[0227 20:00:00 @tiGAN.py:205][0m step: 56, discriminator: loss 10.6679296494, generator loss: 0.000198595662368
[32m[0227 20:00:01 @util.py:324][0m [LOAD BATCH] New batch, loading to id 3712
[32m[0227 20:00:01 @tiGAN.py:205][0m step: 57, discriminator: loss 10.4915418625, generator loss: 0.00025827108766
[32m[0227 20:00:02 @util.py:324][0m [LOAD BATCH] New batch, loading to id 3776
[32m[0227 20:00:02 @tiGAN.py:205][0m step: 58, discriminator: loss 10.519651413, generator loss: 0.000202743482077
[32m[0227 20:00:03 @util.py:324][0m [LOAD BATCH] New batch, loading to id 3840
[32m[0227 20:00:03 @tiGAN.py:205][0m step: 59, discriminator: loss 10.6877679825, generator loss: 0.000201626186026
[32m[0227 20:00:04 @util.py:324][0m [LOAD BATCH] New batch, loading to id 3904
[32m[0227 20:00:05 @tiGAN.py:205][0m step: 60, discriminator: loss 10.5912485123, generator loss: 0.000180044284207
[32m[0227 20:00:06 @util.py:324][0m [LOAD BATCH] New batch, loading to id 3968
[32m[0227 20:00:06 @tiGAN.py:205][0m step: 61, discriminator: loss 10.573012352, generator loss: 0.000188038844499
[32m[0227 20:00:07 @util.py:324][0m [LOAD BATCH] New batch, loading to id 4032
[32m[0227 20:00:07 @tiGAN.py:205][0m step: 62, discriminator: loss 10.8223180771, generator loss: 0.000176397181349
[32m[0227 20:00:08 @util.py:324][0m [LOAD BATCH] New batch, loading to id 4096
[32m[0227 20:00:08 @tiGAN.py:205][0m step: 63, discriminator: loss 10.6424503326, generator loss: 0.000149873099872
[32m[0227 20:00:09 @util.py:324][0m [LOAD BATCH] New batch, loading to id 4160
[32m[0227 20:00:09 @tiGAN.py:205][0m step: 64, discriminator: loss 10.2551651001, generator loss: 0.000296131911455
[32m[0227 20:00:10 @util.py:324][0m [LOAD BATCH] New batch, loading to id 4224
[32m[0227 20:00:10 @tiGAN.py:205][0m step: 65, discriminator: loss 10.7728471756, generator loss: 0.000163281336427
[32m[0227 20:00:11 @util.py:324][0m [LOAD BATCH] New batch, loading to id 4288
[32m[0227 20:00:11 @tiGAN.py:205][0m step: 66, discriminator: loss 10.578248024, generator loss: 0.000168256199686
[32m[0227 20:00:12 @util.py:324][0m [LOAD BATCH] New batch, loading to id 4352
[32m[0227 20:00:12 @tiGAN.py:205][0m step: 67, discriminator: loss 10.8199777603, generator loss: 0.000138398725539
[32m[0227 20:00:13 @util.py:324][0m [LOAD BATCH] New batch, loading to id 4416
[32m[0227 20:00:14 @tiGAN.py:205][0m step: 68, discriminator: loss 10.5997886658, generator loss: 0.000165491685038
[32m[0227 20:00:15 @util.py:324][0m [LOAD BATCH] New batch, loading to id 4480
[32m[0227 20:00:15 @tiGAN.py:205][0m step: 69, discriminator: loss 10.6963920593, generator loss: 0.000183435840881
[32m[0227 20:00:16 @util.py:324][0m [LOAD BATCH] New batch, loading to id 4544
[32m[0227 20:00:16 @tiGAN.py:205][0m step: 70, discriminator: loss 10.8066711426, generator loss: 0.000186178527656
[32m[0227 20:00:17 @util.py:324][0m [LOAD BATCH] New batch, loading to id 4608
[32m[0227 20:00:17 @tiGAN.py:205][0m step: 71, discriminator: loss 10.8476257324, generator loss: 0.000164629833307
[32m[0227 20:00:18 @util.py:324][0m [LOAD BATCH] New batch, loading to id 4672
[32m[0227 20:00:18 @tiGAN.py:205][0m step: 72, discriminator: loss 10.7423915863, generator loss: 0.000181168899871
[32m[0227 20:00:19 @util.py:324][0m [LOAD BATCH] New batch, loading to id 4736
[32m[0227 20:00:19 @tiGAN.py:205][0m step: 73, discriminator: loss 10.9539203644, generator loss: 0.000141170006827
[32m[0227 20:00:20 @util.py:324][0m [LOAD BATCH] New batch, loading to id 4800
[32m[0227 20:00:20 @tiGAN.py:205][0m step: 74, discriminator: loss 10.8687314987, generator loss: 0.000166722005815
[32m[0227 20:00:21 @util.py:324][0m [LOAD BATCH] New batch, loading to id 4864
[32m[0227 20:00:22 @tiGAN.py:205][0m step: 75, discriminator: loss 11.1906394958, generator loss: 0.00012183508079
[32m[0227 20:00:23 @util.py:324][0m [LOAD BATCH] New batch, loading to id 4928
[32m[0227 20:00:23 @tiGAN.py:205][0m step: 76, discriminator: loss 11.1131658554, generator loss: 0.000156931273523
[32m[0227 20:00:24 @util.py:324][0m [LOAD BATCH] New batch, loading to id 4992
[32m[0227 20:00:24 @tiGAN.py:205][0m step: 77, discriminator: loss 11.0345430374, generator loss: 0.000122344354168
[32m[0227 20:00:25 @util.py:324][0m [LOAD BATCH] New batch, loading to id 5056
[32m[0227 20:00:25 @tiGAN.py:205][0m step: 78, discriminator: loss 10.7008132935, generator loss: 0.000138819421409
[32m[0227 20:00:26 @util.py:324][0m [LOAD BATCH] New batch, loading to id 5120
[32m[0227 20:00:26 @tiGAN.py:205][0m step: 79, discriminator: loss 10.8925580978, generator loss: 0.000185213168152
[32m[0227 20:00:27 @util.py:324][0m [LOAD BATCH] New batch, loading to id 5184
[32m[0227 20:00:27 @tiGAN.py:205][0m step: 80, discriminator: loss 10.9904518127, generator loss: 0.000154310400831
[32m[0227 20:00:28 @util.py:324][0m [LOAD BATCH] New batch, loading to id 5248
[32m[0227 20:00:28 @tiGAN.py:205][0m step: 81, discriminator: loss 10.8815441132, generator loss: 0.000146508449689
[32m[0227 20:00:29 @util.py:324][0m [LOAD BATCH] New batch, loading to id 5312
[32m[0227 20:00:29 @tiGAN.py:205][0m step: 82, discriminator: loss 10.9014263153, generator loss: 0.000113682021038
[32m[0227 20:00:31 @util.py:324][0m [LOAD BATCH] New batch, loading to id 53
[32m[0227 20:00:31 @tiGAN.py:205][0m step: 83, discriminator: loss 10.7419023514, generator loss: 0.000146595950355
[32m[0227 20:00:32 @util.py:324][0m [LOAD BATCH] New batch, loading to id 117
[32m[0227 20:00:32 @tiGAN.py:205][0m step: 84, discriminator: loss 10.9253473282, generator loss: 0.000112438719952
[32m[0227 20:00:33 @util.py:324][0m [LOAD BATCH] New batch, loading to id 181
[32m[0227 20:00:33 @tiGAN.py:205][0m step: 85, discriminator: loss 11.2519693375, generator loss: 0.000102404737845
[32m[0227 20:00:34 @util.py:324][0m [LOAD BATCH] New batch, loading to id 245
[32m[0227 20:00:34 @tiGAN.py:205][0m step: 86, discriminator: loss 11.0466632843, generator loss: 0.000168337472132
[32m[0227 20:00:35 @util.py:324][0m [LOAD BATCH] New batch, loading to id 309
[32m[0227 20:00:35 @tiGAN.py:205][0m step: 87, discriminator: loss 11.186340332, generator loss: 0.000117367882922
[32m[0227 20:00:36 @util.py:324][0m [LOAD BATCH] New batch, loading to id 373
[32m[0227 20:00:36 @tiGAN.py:205][0m step: 88, discriminator: loss 11.0935220718, generator loss: 0.0001162297267
[32m[0227 20:00:37 @util.py:324][0m [LOAD BATCH] New batch, loading to id 437
[32m[0227 20:00:37 @tiGAN.py:205][0m step: 89, discriminator: loss 11.295463562, generator loss: 9.92981949821e-05
[32m[0227 20:00:38 @util.py:324][0m [LOAD BATCH] New batch, loading to id 501
[32m[0227 20:00:38 @tiGAN.py:205][0m step: 90, discriminator: loss 10.9285745621, generator loss: 0.000114350172225
[32m[0227 20:00:39 @util.py:324][0m [LOAD BATCH] New batch, loading to id 565
[32m[0227 20:00:39 @tiGAN.py:205][0m step: 91, discriminator: loss 11.149389267, generator loss: 0.00010920947534
[32m[0227 20:00:40 @util.py:324][0m [LOAD BATCH] New batch, loading to id 629
[32m[0227 20:00:40 @tiGAN.py:205][0m step: 92, discriminator: loss 11.1470279694, generator loss: 0.000118418793136
[32m[0227 20:00:41 @util.py:324][0m [LOAD BATCH] New batch, loading to id 693
[32m[0227 20:00:41 @tiGAN.py:205][0m step: 93, discriminator: loss 11.0609445572, generator loss: 0.000134196598083
[32m[0227 20:00:42 @util.py:324][0m [LOAD BATCH] New batch, loading to id 757
[32m[0227 20:00:42 @tiGAN.py:205][0m step: 94, discriminator: loss 11.3891601562, generator loss: 8.52693920024e-05
[32m[0227 20:00:43 @util.py:324][0m [LOAD BATCH] New batch, loading to id 821
[32m[0227 20:00:43 @tiGAN.py:205][0m step: 95, discriminator: loss 11.202876091, generator loss: 0.00010344281327
[32m[0227 20:00:45 @util.py:324][0m [LOAD BATCH] New batch, loading to id 885
[32m[0227 20:00:45 @tiGAN.py:205][0m step: 96, discriminator: loss 11.4205904007, generator loss: 0.000106123043224
[32m[0227 20:00:46 @util.py:324][0m [LOAD BATCH] New batch, loading to id 949
[32m[0227 20:00:46 @tiGAN.py:205][0m step: 97, discriminator: loss 11.3015422821, generator loss: 0.000106736224552
[32m[0227 20:00:47 @util.py:324][0m [LOAD BATCH] New batch, loading to id 1013
[32m[0227 20:00:47 @tiGAN.py:205][0m step: 98, discriminator: loss 11.1089191437, generator loss: 0.000130815737066
[32m[0227 20:00:48 @util.py:324][0m [LOAD BATCH] New batch, loading to id 1077
[32m[0227 20:00:48 @tiGAN.py:205][0m step: 99, discriminator: loss 11.510093689, generator loss: 9.23994812183e-05
[32m[0227 20:00:49 @util.py:324][0m [LOAD BATCH] New batch, loading to id 1141
[32m[0227 20:00:49 @tiGAN.py:205][0m step: 100, discriminator: loss 11.2643756866, generator loss: 0.000108036801976
[32m[0227 20:00:50 @util.py:324][0m [LOAD BATCH] New batch, loading to id 1205
[32m[0227 20:00:50 @tiGAN.py:205][0m step: 101, discriminator: loss 11.4473295212, generator loss: 7.54364737077e-05
[32m[0227 20:00:51 @util.py:324][0m [LOAD BATCH] New batch, loading to id 1269
[32m[0227 20:00:51 @tiGAN.py:205][0m step: 102, discriminator: loss 11.2722797394, generator loss: 7.76290107751e-05
[32m[0227 20:00:52 @util.py:324][0m [LOAD BATCH] New batch, loading to id 1333
[32m[0227 20:00:53 @tiGAN.py:205][0m step: 103, discriminator: loss 11.3625240326, generator loss: 9.83998470474e-05
[32m[0227 20:00:54 @util.py:324][0m [LOAD BATCH] New batch, loading to id 1397
[32m[0227 20:00:54 @tiGAN.py:205][0m step: 104, discriminator: loss 11.2506971359, generator loss: 0.000100562989246
[32m[0227 20:00:55 @util.py:324][0m [LOAD BATCH] New batch, loading to id 1461
[32m[0227 20:00:55 @tiGAN.py:205][0m step: 105, discriminator: loss 11.4364585876, generator loss: 9.53020935412e-05
[32m[0227 20:00:56 @util.py:324][0m [LOAD BATCH] New batch, loading to id 1525
[32m[0227 20:00:56 @tiGAN.py:205][0m step: 106, discriminator: loss 11.4444084167, generator loss: 8.26582690934e-05
[32m[0227 20:00:57 @util.py:324][0m [LOAD BATCH] New batch, loading to id 1589
[32m[0227 20:00:57 @tiGAN.py:205][0m step: 107, discriminator: loss 11.3397445679, generator loss: 8.02878494142e-05
[32m[0227 20:00:58 @util.py:324][0m [LOAD BATCH] New batch, loading to id 1653
[32m[0227 20:00:58 @tiGAN.py:205][0m step: 108, discriminator: loss 11.3630151749, generator loss: 9.39090386964e-05
[32m[0227 20:00:59 @util.py:324][0m [LOAD BATCH] New batch, loading to id 1717
[32m[0227 20:00:59 @tiGAN.py:205][0m step: 109, discriminator: loss 11.2935390472, generator loss: 0.00011344475206
[32m[0227 20:01:00 @util.py:324][0m [LOAD BATCH] New batch, loading to id 1781
[32m[0227 20:01:00 @tiGAN.py:205][0m step: 110, discriminator: loss 11.6321163177, generator loss: 6.10437855357e-05
[32m[0227 20:01:01 @util.py:324][0m [LOAD BATCH] New batch, loading to id 1845
[32m[0227 20:01:01 @tiGAN.py:205][0m step: 111, discriminator: loss 11.3604049683, generator loss: 8.81297310116e-05
[32m[0227 20:01:02 @util.py:324][0m [LOAD BATCH] New batch, loading to id 1909
[32m[0227 20:01:02 @tiGAN.py:205][0m step: 112, discriminator: loss 11.5553359985, generator loss: 6.40455327812e-05
[32m[0227 20:01:03 @util.py:324][0m [LOAD BATCH] New batch, loading to id 1973
[32m[0227 20:01:03 @tiGAN.py:205][0m step: 113, discriminator: loss 11.4353752136, generator loss: 8.48135459819e-05
[32m[0227 20:01:05 @util.py:324][0m [LOAD BATCH] New batch, loading to id 2037
[32m[0227 20:01:05 @tiGAN.py:205][0m step: 114, discriminator: loss 11.4847002029, generator loss: 9.79116011877e-05
[32m[0227 20:01:06 @util.py:324][0m [LOAD BATCH] New batch, loading to id 2101
[32m[0227 20:01:06 @tiGAN.py:205][0m step: 115, discriminator: loss 11.5478048325, generator loss: 7.28368613636e-05
[32m[0227 20:01:07 @util.py:324][0m [LOAD BATCH] New batch, loading to id 2165
[32m[0227 20:01:07 @tiGAN.py:205][0m step: 116, discriminator: loss 11.6309757233, generator loss: 7.02967954567e-05
[32m[0227 20:01:08 @util.py:324][0m [LOAD BATCH] New batch, loading to id 2229
[32m[0227 20:01:08 @tiGAN.py:205][0m step: 117, discriminator: loss 11.5975065231, generator loss: 7.60566763347e-05
[32m[0227 20:01:09 @util.py:324][0m [LOAD BATCH] New batch, loading to id 2293
[32m[0227 20:01:09 @tiGAN.py:205][0m step: 118, discriminator: loss 11.4894170761, generator loss: 7.85057345638e-05
[32m[0227 20:01:10 @util.py:324][0m [LOAD BATCH] New batch, loading to id 2357
[32m[0227 20:01:10 @tiGAN.py:205][0m step: 119, discriminator: loss 11.5938167572, generator loss: 6.71838934068e-05
[32m[0227 20:01:11 @util.py:324][0m [LOAD BATCH] New batch, loading to id 2421
[32m[0227 20:01:11 @tiGAN.py:205][0m step: 120, discriminator: loss 11.5043153763, generator loss: 7.55891524022e-05
[32m[0227 20:01:12 @util.py:324][0m [LOAD BATCH] New batch, loading to id 2485
[32m[0227 20:01:12 @tiGAN.py:205][0m step: 121, discriminator: loss 11.5089664459, generator loss: 7.70667465986e-05
[32m[0227 20:01:13 @util.py:324][0m [LOAD BATCH] New batch, loading to id 2549
[32m[0227 20:01:13 @tiGAN.py:205][0m step: 122, discriminator: loss 11.3795976639, generator loss: 8.79549188539e-05
[32m[0227 20:01:14 @util.py:324][0m [LOAD BATCH] New batch, loading to id 2613
[32m[0227 20:01:14 @tiGAN.py:205][0m step: 123, discriminator: loss 11.4595584869, generator loss: 7.55021974328e-05
[32m[0227 20:01:15 @util.py:324][0m [LOAD BATCH] New batch, loading to id 2677
[32m[0227 20:01:15 @tiGAN.py:205][0m step: 124, discriminator: loss 11.7507276535, generator loss: 5.22890986758e-05
[32m[0227 20:01:16 @util.py:324][0m [LOAD BATCH] New batch, loading to id 2741
[32m[0227 20:01:16 @tiGAN.py:205][0m step: 125, discriminator: loss 11.8433046341, generator loss: 6.07715483056e-05
[32m[0227 20:01:17 @util.py:324][0m [LOAD BATCH] New batch, loading to id 2805
[32m[0227 20:01:18 @tiGAN.py:205][0m step: 126, discriminator: loss 11.854886055, generator loss: 7.19987001503e-05
[32m[0227 20:01:19 @util.py:324][0m [LOAD BATCH] New batch, loading to id 2869
[32m[0227 20:01:19 @tiGAN.py:205][0m step: 127, discriminator: loss 11.7184352875, generator loss: 7.47823651182e-05
[32m[0227 20:01:20 @util.py:324][0m [LOAD BATCH] New batch, loading to id 2933
[32m[0227 20:01:20 @tiGAN.py:205][0m step: 128, discriminator: loss 11.4429550171, generator loss: 6.73996692058e-05
[32m[0227 20:01:21 @util.py:324][0m [LOAD BATCH] New batch, loading to id 2997
[32m[0227 20:01:21 @tiGAN.py:205][0m step: 129, discriminator: loss 11.9639797211, generator loss: 5.88727816648e-05
[32m[0227 20:01:22 @util.py:324][0m [LOAD BATCH] New batch, loading to id 3061
[32m[0227 20:01:22 @tiGAN.py:205][0m step: 130, discriminator: loss 11.517455101, generator loss: 7.14931666153e-05
[32m[0227 20:01:23 @util.py:324][0m [LOAD BATCH] New batch, loading to id 3125
[32m[0227 20:01:23 @tiGAN.py:205][0m step: 131, discriminator: loss 11.6399326324, generator loss: 6.33950112388e-05
[32m[0227 20:01:24 @util.py:324][0m [LOAD BATCH] New batch, loading to id 3189
[32m[0227 20:01:24 @tiGAN.py:205][0m step: 132, discriminator: loss 11.6406059265, generator loss: 6.19653583271e-05
[32m[0227 20:01:25 @util.py:324][0m [LOAD BATCH] New batch, loading to id 3253
[32m[0227 20:01:25 @tiGAN.py:205][0m step: 133, discriminator: loss 11.6784172058, generator loss: 6.50861184113e-05
[32m[0227 20:01:26 @util.py:324][0m [LOAD BATCH] New batch, loading to id 3317
[32m[0227 20:01:26 @tiGAN.py:205][0m step: 134, discriminator: loss 11.7821073532, generator loss: 6.18503545411e-05
[32m[0227 20:01:27 @util.py:324][0m [LOAD BATCH] New batch, loading to id 3381
[32m[0227 20:01:27 @tiGAN.py:205][0m step: 135, discriminator: loss 11.8280735016, generator loss: 7.71915510995e-05
[32m[0227 20:01:29 @util.py:324][0m [LOAD BATCH] New batch, loading to id 3445
[32m[0227 20:01:29 @tiGAN.py:205][0m step: 136, discriminator: loss 11.8689594269, generator loss: 5.54221769562e-05
[32m[0227 20:01:30 @util.py:324][0m [LOAD BATCH] New batch, loading to id 3509
[32m[0227 20:01:30 @tiGAN.py:205][0m step: 137, discriminator: loss 11.8485641479, generator loss: 4.91920036438e-05
[32m[0227 20:01:31 @util.py:324][0m [LOAD BATCH] New batch, loading to id 3573
[32m[0227 20:01:31 @tiGAN.py:205][0m step: 138, discriminator: loss 11.9492607117, generator loss: 5.48729549337e-05
[32m[0227 20:01:32 @util.py:324][0m [LOAD BATCH] New batch, loading to id 3637
[32m[0227 20:01:32 @tiGAN.py:205][0m step: 139, discriminator: loss 11.5054836273, generator loss: 8.83319735294e-05
[32m[0227 20:01:33 @util.py:324][0m [LOAD BATCH] New batch, loading to id 3701
[32m[0227 20:01:33 @tiGAN.py:205][0m step: 140, discriminator: loss 11.6331033707, generator loss: 7.39786337363e-05
[32m[0227 20:01:34 @util.py:324][0m [LOAD BATCH] New batch, loading to id 3765
[32m[0227 20:01:34 @tiGAN.py:205][0m step: 141, discriminator: loss 11.9323616028, generator loss: 6.13905285718e-05
[32m[0227 20:01:35 @util.py:324][0m [LOAD BATCH] New batch, loading to id 3829
[32m[0227 20:01:36 @tiGAN.py:205][0m step: 142, discriminator: loss 11.8755865097, generator loss: 4.72098763566e-05
[32m[0227 20:01:37 @util.py:324][0m [LOAD BATCH] New batch, loading to id 3893
[32m[0227 20:01:37 @tiGAN.py:205][0m step: 143, discriminator: loss 11.7266330719, generator loss: 6.5690750489e-05
[32m[0227 20:01:38 @util.py:324][0m [LOAD BATCH] New batch, loading to id 3957
[32m[0227 20:01:38 @tiGAN.py:205][0m step: 144, discriminator: loss 12.1108942032, generator loss: 5.54302605451e-05
[32m[0227 20:01:39 @util.py:324][0m [LOAD BATCH] New batch, loading to id 4021
[32m[0227 20:01:39 @tiGAN.py:205][0m step: 145, discriminator: loss 11.7667312622, generator loss: 6.24222884653e-05
[32m[0227 20:01:40 @util.py:324][0m [LOAD BATCH] New batch, loading to id 4085
[32m[0227 20:01:40 @tiGAN.py:205][0m step: 146, discriminator: loss 11.6039142609, generator loss: 6.81300152792e-05
[32m[0227 20:01:41 @util.py:324][0m [LOAD BATCH] New batch, loading to id 4149
[32m[0227 20:01:41 @tiGAN.py:205][0m step: 147, discriminator: loss 11.7721595764, generator loss: 6.87959400238e-05
[32m[0227 20:01:42 @util.py:324][0m [LOAD BATCH] New batch, loading to id 4213
[32m[0227 20:01:42 @tiGAN.py:205][0m step: 148, discriminator: loss 11.9279441833, generator loss: 5.43837668374e-05
[32m[0227 20:01:43 @util.py:324][0m [LOAD BATCH] New batch, loading to id 4277
[32m[0227 20:01:43 @tiGAN.py:205][0m step: 149, discriminator: loss 11.9709119797, generator loss: 5.67011520616e-05
[32m[0227 20:01:44 @util.py:324][0m [LOAD BATCH] New batch, loading to id 4341
[32m[0227 20:01:44 @tiGAN.py:205][0m step: 150, discriminator: loss 11.8291893005, generator loss: 7.15225032764e-05
[32m[0227 20:01:45 @util.py:324][0m [LOAD BATCH] New batch, loading to id 4405
[32m[0227 20:01:45 @tiGAN.py:205][0m step: 151, discriminator: loss 11.9490032196, generator loss: 6.07406946074e-05
[32m[0227 20:01:47 @util.py:324][0m [LOAD BATCH] New batch, loading to id 4469
[32m[0227 20:01:47 @tiGAN.py:205][0m step: 152, discriminator: loss 11.4362812042, generator loss: 7.22801778466e-05
[32m[0227 20:01:48 @util.py:324][0m [LOAD BATCH] New batch, loading to id 4533
[32m[0227 20:01:48 @tiGAN.py:205][0m step: 153, discriminator: loss 12.0251731873, generator loss: 4.30071377195e-05
[32m[0227 20:01:49 @util.py:324][0m [LOAD BATCH] New batch, loading to id 4597
[32m[0227 20:01:49 @tiGAN.py:205][0m step: 154, discriminator: loss 11.6782836914, generator loss: 5.16608488397e-05
[32m[0227 20:01:50 @util.py:324][0m [LOAD BATCH] New batch, loading to id 4661
[32m[0227 20:01:50 @tiGAN.py:205][0m step: 155, discriminator: loss 11.9254388809, generator loss: 5.72767421545e-05
[32m[0227 20:01:51 @util.py:324][0m [LOAD BATCH] New batch, loading to id 4725
[32m[0227 20:01:51 @tiGAN.py:205][0m step: 156, discriminator: loss 11.7719917297, generator loss: 5.12037659064e-05
[32m[0227 20:01:52 @util.py:324][0m [LOAD BATCH] New batch, loading to id 4789
[32m[0227 20:01:52 @tiGAN.py:205][0m step: 157, discriminator: loss 11.9101934433, generator loss: 4.98949411849e-05
[32m[0227 20:01:53 @util.py:324][0m [LOAD BATCH] New batch, loading to id 4853
[32m[0227 20:01:53 @tiGAN.py:205][0m step: 158, discriminator: loss 11.9281129837, generator loss: 4.43752505817e-05
[32m[0227 20:01:54 @util.py:324][0m [LOAD BATCH] New batch, loading to id 4917
[32m[0227 20:01:54 @tiGAN.py:205][0m step: 159, discriminator: loss 11.9267854691, generator loss: 5.07044460392e-05
[32m[0227 20:01:55 @util.py:324][0m [LOAD BATCH] New batch, loading to id 4981
[32m[0227 20:01:55 @tiGAN.py:205][0m step: 160, discriminator: loss 11.9307746887, generator loss: 5.31123369001e-05
[32m[0227 20:01:56 @util.py:324][0m [LOAD BATCH] New batch, loading to id 5045
[32m[0227 20:01:56 @tiGAN.py:205][0m step: 161, discriminator: loss 11.921544075, generator loss: 4.58767899545e-05
[32m[0227 20:01:58 @util.py:324][0m [LOAD BATCH] New batch, loading to id 5109
[32m[0227 20:01:58 @tiGAN.py:205][0m step: 162, discriminator: loss 11.9563655853, generator loss: 4.55954141216e-05
[32m[0227 20:01:59 @util.py:324][0m [LOAD BATCH] New batch, loading to id 5173
[32m[0227 20:01:59 @tiGAN.py:205][0m step: 163, discriminator: loss 12.1033468246, generator loss: 5.08071170771e-05
[32m[0227 20:02:00 @util.py:324][0m [LOAD BATCH] New batch, loading to id 5237
[32m[0227 20:02:00 @tiGAN.py:205][0m step: 164, discriminator: loss 12.0798387527, generator loss: 4.32320775872e-05
[32m[0227 20:02:01 @util.py:324][0m [LOAD BATCH] New batch, loading to id 5301
[32m[0227 20:02:01 @tiGAN.py:205][0m step: 165, discriminator: loss 12.0490007401, generator loss: 4.85971904709e-05
[32m[0227 20:02:02 @util.py:324][0m [LOAD BATCH] New batch, loading to id 42
[32m[0227 20:02:02 @tiGAN.py:205][0m step: 166, discriminator: loss 12.0856056213, generator loss: 4.66375859105e-05
[32m[0227 20:02:03 @util.py:324][0m [LOAD BATCH] New batch, loading to id 106
[32m[0227 20:02:03 @tiGAN.py:205][0m step: 167, discriminator: loss 11.9819002151, generator loss: 5.89259761909e-05
[32m[0227 20:02:04 @util.py:324][0m [LOAD BATCH] New batch, loading to id 170
[32m[0227 20:02:04 @tiGAN.py:205][0m step: 168, discriminator: loss 12.1531858444, generator loss: 4.74061307614e-05
[32m[0227 20:02:06 @util.py:324][0m [LOAD BATCH] New batch, loading to id 234
[32m[0227 20:02:06 @tiGAN.py:205][0m step: 169, discriminator: loss 12.0715236664, generator loss: 5.89068367844e-05
[32m[0227 20:02:07 @util.py:324][0m [LOAD BATCH] New batch, loading to id 298
[32m[0227 20:02:07 @tiGAN.py:205][0m step: 170, discriminator: loss 12.1284389496, generator loss: 4.22974808316e-05
[32m[0227 20:02:08 @util.py:324][0m [LOAD BATCH] New batch, loading to id 362
[32m[0227 20:02:08 @tiGAN.py:205][0m step: 171, discriminator: loss 11.952337265, generator loss: 5.77606260777e-05
[32m[0227 20:02:09 @util.py:324][0m [LOAD BATCH] New batch, loading to id 426
[32m[0227 20:02:09 @tiGAN.py:205][0m step: 172, discriminator: loss 12.0445461273, generator loss: 5.00275964441e-05
[32m[0227 20:02:10 @util.py:324][0m [LOAD BATCH] New batch, loading to id 490
[32m[0227 20:02:10 @tiGAN.py:205][0m step: 173, discriminator: loss 11.9773569107, generator loss: 4.43939497927e-05
[32m[0227 20:02:11 @util.py:324][0m [LOAD BATCH] New batch, loading to id 554
[32m[0227 20:02:11 @tiGAN.py:205][0m step: 174, discriminator: loss 11.9761772156, generator loss: 4.73054169561e-05
[32m[0227 20:02:12 @util.py:324][0m [LOAD BATCH] New batch, loading to id 618
[32m[0227 20:02:12 @tiGAN.py:205][0m step: 175, discriminator: loss 12.2261390686, generator loss: 3.52754359483e-05
[32m[0227 20:02:13 @util.py:324][0m [LOAD BATCH] New batch, loading to id 682
[32m[0227 20:02:13 @tiGAN.py:205][0m step: 176, discriminator: loss 12.1977729797, generator loss: 3.72671602236e-05
[32m[0227 20:02:14 @util.py:324][0m [LOAD BATCH] New batch, loading to id 746
[32m[0227 20:02:15 @tiGAN.py:205][0m step: 177, discriminator: loss 12.1895265579, generator loss: 3.35698423441e-05
[32m[0227 20:02:16 @util.py:324][0m [LOAD BATCH] New batch, loading to id 810
[32m[0227 20:02:16 @tiGAN.py:205][0m step: 178, discriminator: loss 11.997300148, generator loss: 4.04046149924e-05
[32m[0227 20:02:17 @util.py:324][0m [LOAD BATCH] New batch, loading to id 874
[32m[0227 20:02:17 @tiGAN.py:205][0m step: 179, discriminator: loss 11.9968547821, generator loss: 3.67168686353e-05
[32m[0227 20:02:18 @util.py:324][0m [LOAD BATCH] New batch, loading to id 938
[32m[0227 20:02:18 @tiGAN.py:205][0m step: 180, discriminator: loss 12.1715021133, generator loss: 4.01904108003e-05
[32m[0227 20:02:19 @util.py:324][0m [LOAD BATCH] New batch, loading to id 1002
[32m[0227 20:02:19 @tiGAN.py:205][0m step: 181, discriminator: loss 12.206404686, generator loss: 3.75211966457e-05
[32m[0227 20:02:20 @util.py:324][0m [LOAD BATCH] New batch, loading to id 1066
[32m[0227 20:02:20 @tiGAN.py:205][0m step: 182, discriminator: loss 12.2766504288, generator loss: 4.36253612861e-05
[32m[0227 20:02:21 @util.py:324][0m [LOAD BATCH] New batch, loading to id 1130
[32m[0227 20:02:21 @tiGAN.py:205][0m step: 183, discriminator: loss 12.0214996338, generator loss: 4.4423090003e-05
[32m[0227 20:02:22 @util.py:324][0m [LOAD BATCH] New batch, loading to id 1194
[32m[0227 20:02:22 @tiGAN.py:205][0m step: 184, discriminator: loss 12.3478498459, generator loss: 3.9884391299e-05
[32m[0227 20:02:23 @util.py:324][0m [LOAD BATCH] New batch, loading to id 1258
[32m[0227 20:02:23 @tiGAN.py:205][0m step: 185, discriminator: loss 12.0089712143, generator loss: 3.92592955905e-05
[32m[0227 20:02:24 @util.py:324][0m [LOAD BATCH] New batch, loading to id 1322
[32m[0227 20:02:24 @tiGAN.py:205][0m step: 186, discriminator: loss 12.2235651016, generator loss: 4.91509345011e-05
[32m[0227 20:02:25 @util.py:324][0m [LOAD BATCH] New batch, loading to id 1386
[32m[0227 20:02:25 @tiGAN.py:205][0m step: 187, discriminator: loss 12.1247310638, generator loss: 3.79666962544e-05
[32m[0227 20:02:26 @util.py:324][0m [LOAD BATCH] New batch, loading to id 1450
[32m[0227 20:02:27 @tiGAN.py:205][0m step: 188, discriminator: loss 12.2162179947, generator loss: 4.27302366006e-05
[32m[0227 20:02:28 @util.py:324][0m [LOAD BATCH] New batch, loading to id 1514
[32m[0227 20:02:28 @tiGAN.py:205][0m step: 189, discriminator: loss 12.1446933746, generator loss: 4.13147463405e-05
[32m[0227 20:02:29 @util.py:324][0m [LOAD BATCH] New batch, loading to id 1578
[32m[0227 20:02:29 @tiGAN.py:205][0m step: 190, discriminator: loss 12.1922273636, generator loss: 4.22923112637e-05
[32m[0227 20:02:30 @util.py:324][0m [LOAD BATCH] New batch, loading to id 1642
[32m[0227 20:02:30 @tiGAN.py:205][0m step: 191, discriminator: loss 12.1418247223, generator loss: 3.84806298825e-05
[32m[0227 20:02:31 @util.py:324][0m [LOAD BATCH] New batch, loading to id 1706
[32m[0227 20:02:31 @tiGAN.py:205][0m step: 192, discriminator: loss 11.8875656128, generator loss: 4.4884502131e-05
[32m[0227 20:02:32 @util.py:324][0m [LOAD BATCH] New batch, loading to id 1770
[32m[0227 20:02:32 @tiGAN.py:205][0m step: 193, discriminator: loss 12.1763381958, generator loss: 4.15577160311e-05
[32m[0227 20:02:33 @util.py:324][0m [LOAD BATCH] New batch, loading to id 1834
[32m[0227 20:02:33 @tiGAN.py:205][0m step: 194, discriminator: loss 12.0441913605, generator loss: 4.04532293032e-05
[32m[0227 20:02:34 @util.py:324][0m [LOAD BATCH] New batch, loading to id 1898
[32m[0227 20:02:34 @tiGAN.py:205][0m step: 195, discriminator: loss 12.0768127441, generator loss: 4.16428520111e-05
[32m[0227 20:02:35 @util.py:324][0m [LOAD BATCH] New batch, loading to id 1962
[32m[0227 20:02:35 @tiGAN.py:205][0m step: 196, discriminator: loss 12.0673627853, generator loss: 4.51624146081e-05
[32m[0227 20:02:36 @util.py:324][0m [LOAD BATCH] New batch, loading to id 2026
[32m[0227 20:02:36 @tiGAN.py:205][0m step: 197, discriminator: loss 12.2851467133, generator loss: 3.36703160428e-05
[32m[0227 20:02:37 @util.py:324][0m [LOAD BATCH] New batch, loading to id 2090
[32m[0227 20:02:37 @tiGAN.py:205][0m step: 198, discriminator: loss 12.0459918976, generator loss: 4.08942796639e-05
[32m[0227 20:02:38 @util.py:324][0m [LOAD BATCH] New batch, loading to id 2154
[32m[0227 20:02:39 @tiGAN.py:205][0m step: 199, discriminator: loss 12.1567544937, generator loss: 3.5352724808e-05
[32m[0227 20:02:40 @util.py:324][0m [LOAD BATCH] New batch, loading to id 2218
[32m[0227 20:02:40 @tiGAN.py:205][0m step: 200, discriminator: loss 12.182929039, generator loss: 4.03248413932e-05
[32m[0227 20:02:41 @util.py:324][0m [LOAD BATCH] New batch, loading to id 2282
[32m[0227 20:02:41 @tiGAN.py:205][0m step: 201, discriminator: loss 12.3514919281, generator loss: 3.35663498845e-05
[32m[0227 20:02:42 @util.py:324][0m [LOAD BATCH] New batch, loading to id 2346
[32m[0227 20:02:42 @tiGAN.py:205][0m step: 202, discriminator: loss 12.1026153564, generator loss: 4.41153606516e-05
[32m[0227 20:02:43 @util.py:324][0m [LOAD BATCH] New batch, loading to id 2410
[32m[0227 20:02:43 @tiGAN.py:205][0m step: 203, discriminator: loss 12.2655267715, generator loss: 4.21505865233e-05
[32m[0227 20:02:44 @util.py:324][0m [LOAD BATCH] New batch, loading to id 2474
[32m[0227 20:02:44 @tiGAN.py:205][0m step: 204, discriminator: loss 12.377158165, generator loss: 3.09459501295e-05
[32m[0227 20:02:45 @util.py:324][0m [LOAD BATCH] New batch, loading to id 2538
[32m[0227 20:02:45 @tiGAN.py:205][0m step: 205, discriminator: loss 12.2329530716, generator loss: 3.10919385811e-05
[32m[0227 20:02:46 @util.py:324][0m [LOAD BATCH] New batch, loading to id 2602
[32m[0227 20:02:46 @tiGAN.py:205][0m step: 206, discriminator: loss 12.0162029266, generator loss: 4.19386851718e-05
[32m[0227 20:02:48 @util.py:324][0m [LOAD BATCH] New batch, loading to id 2666
[32m[0227 20:02:48 @tiGAN.py:205][0m step: 207, discriminator: loss 12.2310714722, generator loss: 3.37786477758e-05
[32m[0227 20:02:49 @util.py:324][0m [LOAD BATCH] New batch, loading to id 2730
[32m[0227 20:02:49 @tiGAN.py:205][0m step: 208, discriminator: loss 12.4241161346, generator loss: 3.32364033966e-05
[32m[0227 20:02:50 @util.py:324][0m [LOAD BATCH] New batch, loading to id 2794
[32m[0227 20:02:50 @tiGAN.py:205][0m step: 209, discriminator: loss 12.3413171768, generator loss: 3.43074825651e-05
[32m[0227 20:02:51 @util.py:324][0m [LOAD BATCH] New batch, loading to id 2858
[32m[0227 20:02:51 @tiGAN.py:205][0m step: 210, discriminator: loss 12.3037481308, generator loss: 3.67326210835e-05
[32m[0227 20:02:52 @util.py:324][0m [LOAD BATCH] New batch, loading to id 2922
[32m[0227 20:02:52 @tiGAN.py:205][0m step: 211, discriminator: loss 12.3439912796, generator loss: 3.42303246725e-05
[32m[0227 20:02:53 @util.py:324][0m [LOAD BATCH] New batch, loading to id 2986
[32m[0227 20:02:53 @tiGAN.py:205][0m step: 212, discriminator: loss 12.1585435867, generator loss: 3.89309643651e-05
[32m[0227 20:02:54 @util.py:324][0m [LOAD BATCH] New batch, loading to id 3050
[32m[0227 20:02:54 @tiGAN.py:205][0m step: 213, discriminator: loss 12.22108078, generator loss: 3.47745299223e-05
[32m[0227 20:02:55 @util.py:324][0m [LOAD BATCH] New batch, loading to id 3114
[32m[0227 20:02:56 @tiGAN.py:205][0m step: 214, discriminator: loss 12.4802188873, generator loss: 2.52893660218e-05
[32m[0227 20:02:57 @util.py:324][0m [LOAD BATCH] New batch, loading to id 3178
[32m[0227 20:02:57 @tiGAN.py:205][0m step: 215, discriminator: loss 12.2957143784, generator loss: 3.02712705889e-05
[32m[0227 20:02:58 @util.py:324][0m [LOAD BATCH] New batch, loading to id 3242
[32m[0227 20:02:58 @tiGAN.py:205][0m step: 216, discriminator: loss 12.2687301636, generator loss: 3.54341609636e-05
[32m[0227 20:02:59 @util.py:324][0m [LOAD BATCH] New batch, loading to id 3306
[32m[0227 20:02:59 @tiGAN.py:205][0m step: 217, discriminator: loss 12.4099216461, generator loss: 2.74564699794e-05
[32m[0227 20:03:00 @util.py:324][0m [LOAD BATCH] New batch, loading to id 3370
[32m[0227 20:03:00 @tiGAN.py:205][0m step: 218, discriminator: loss 12.3604288101, generator loss: 3.09974820993e-05
[32m[0227 20:03:01 @util.py:324][0m [LOAD BATCH] New batch, loading to id 3434
[32m[0227 20:03:01 @tiGAN.py:205][0m step: 219, discriminator: loss 12.5622234344, generator loss: 3.34431060764e-05
[32m[0227 20:03:02 @util.py:324][0m [LOAD BATCH] New batch, loading to id 3498
[32m[0227 20:03:02 @tiGAN.py:205][0m step: 220, discriminator: loss 12.6217556, generator loss: 2.97511469398e-05
[32m[0227 20:03:03 @util.py:324][0m [LOAD BATCH] New batch, loading to id 3562
[32m[0227 20:03:03 @tiGAN.py:205][0m step: 221, discriminator: loss 12.3564128876, generator loss: 2.82820619759e-05
[32m[0227 20:03:04 @util.py:324][0m [LOAD BATCH] New batch, loading to id 3626
[32m[0227 20:03:04 @tiGAN.py:205][0m step: 222, discriminator: loss 12.2453861237, generator loss: 3.51721901097e-05
[32m[0227 20:03:06 @util.py:324][0m [LOAD BATCH] New batch, loading to id 3690
[32m[0227 20:03:06 @tiGAN.py:205][0m step: 223, discriminator: loss 12.4083480835, generator loss: 3.65596060874e-05
[32m[0227 20:03:07 @util.py:324][0m [LOAD BATCH] New batch, loading to id 3754
[32m[0227 20:03:07 @tiGAN.py:205][0m step: 224, discriminator: loss 12.4345779419, generator loss: 2.76016144198e-05
[32m[0227 20:03:08 @util.py:324][0m [LOAD BATCH] New batch, loading to id 3818
[32m[0227 20:03:08 @tiGAN.py:205][0m step: 225, discriminator: loss 12.4580059052, generator loss: 2.31241265283e-05
[32m[0227 20:03:09 @util.py:324][0m [LOAD BATCH] New batch, loading to id 3882
[32m[0227 20:03:09 @tiGAN.py:205][0m step: 226, discriminator: loss 12.473567009, generator loss: 3.24068241753e-05
[32m[0227 20:03:10 @util.py:324][0m [LOAD BATCH] New batch, loading to id 3946
[32m[0227 20:03:10 @tiGAN.py:205][0m step: 227, discriminator: loss 12.424902916, generator loss: 3.22800406138e-05
[32m[0227 20:03:11 @util.py:324][0m [LOAD BATCH] New batch, loading to id 4010
[32m[0227 20:03:11 @tiGAN.py:205][0m step: 228, discriminator: loss 12.218837738, generator loss: 3.88902917621e-05
[32m[0227 20:03:12 @util.py:324][0m [LOAD BATCH] New batch, loading to id 4074
[32m[0227 20:03:12 @tiGAN.py:205][0m step: 229, discriminator: loss 12.4608240128, generator loss: 3.12648589897e-05
[32m[0227 20:03:13 @util.py:324][0m [LOAD BATCH] New batch, loading to id 4138
[32m[0227 20:03:13 @tiGAN.py:205][0m step: 230, discriminator: loss 12.5357923508, generator loss: 2.60951946984e-05
[32m[0227 20:03:14 @util.py:324][0m [LOAD BATCH] New batch, loading to id 4202
[32m[0227 20:03:14 @tiGAN.py:205][0m step: 231, discriminator: loss 12.3862495422, generator loss: 3.07889895339e-05
[32m[0227 20:03:16 @util.py:324][0m [LOAD BATCH] New batch, loading to id 4266
[32m[0227 20:03:16 @tiGAN.py:205][0m step: 232, discriminator: loss 12.7707996368, generator loss: 2.12761406146e-05
[32m[0227 20:03:17 @util.py:324][0m [LOAD BATCH] New batch, loading to id 4330
[32m[0227 20:03:17 @tiGAN.py:205][0m step: 233, discriminator: loss 12.3634338379, generator loss: 2.79665691778e-05
[32m[0227 20:03:18 @util.py:324][0m [LOAD BATCH] New batch, loading to id 4394
[32m[0227 20:03:18 @tiGAN.py:205][0m step: 234, discriminator: loss 12.6280851364, generator loss: 2.79071755358e-05
[32m[0227 20:03:19 @util.py:324][0m [LOAD BATCH] New batch, loading to id 4458
[32m[0227 20:03:19 @tiGAN.py:205][0m step: 235, discriminator: loss 12.5901679993, generator loss: 3.02006301354e-05
[32m[0227 20:03:20 @util.py:324][0m [LOAD BATCH] New batch, loading to id 4522
[32m[0227 20:03:20 @tiGAN.py:205][0m step: 236, discriminator: loss 12.37733078, generator loss: 2.6420053473e-05
[32m[0227 20:03:21 @util.py:324][0m [LOAD BATCH] New batch, loading to id 4586
[32m[0227 20:03:21 @tiGAN.py:205][0m step: 237, discriminator: loss 12.3197774887, generator loss: 2.83307272184e-05
[32m[0227 20:03:22 @util.py:324][0m [LOAD BATCH] New batch, loading to id 4650
[32m[0227 20:03:22 @tiGAN.py:205][0m step: 238, discriminator: loss 12.6861066818, generator loss: 2.42098358285e-05
[32m[0227 20:03:24 @util.py:324][0m [LOAD BATCH] New batch, loading to id 4714
[32m[0227 20:03:24 @tiGAN.py:205][0m step: 239, discriminator: loss 12.4351119995, generator loss: 3.03618071484e-05
[32m[0227 20:03:25 @util.py:324][0m [LOAD BATCH] New batch, loading to id 4778
[32m[0227 20:03:25 @tiGAN.py:205][0m step: 240, discriminator: loss 12.6583051682, generator loss: 2.83464651147e-05
[32m[0227 20:03:26 @util.py:324][0m [LOAD BATCH] New batch, loading to id 4842
[32m[0227 20:03:26 @tiGAN.py:205][0m step: 241, discriminator: loss 12.7511882782, generator loss: 2.13289677049e-05
[32m[0227 20:03:27 @util.py:324][0m [LOAD BATCH] New batch, loading to id 4906
[32m[0227 20:03:27 @tiGAN.py:205][0m step: 242, discriminator: loss 12.5939483643, generator loss: 2.47524603765e-05
[32m[0227 20:03:28 @util.py:324][0m [LOAD BATCH] New batch, loading to id 4970
[32m[0227 20:03:28 @tiGAN.py:205][0m step: 243, discriminator: loss 12.696269989, generator loss: 2.91088181257e-05
[32m[0227 20:03:29 @util.py:324][0m [LOAD BATCH] New batch, loading to id 5034
[32m[0227 20:03:29 @tiGAN.py:205][0m step: 244, discriminator: loss 12.5442705154, generator loss: 2.5776149414e-05
[32m[0227 20:03:30 @util.py:324][0m [LOAD BATCH] New batch, loading to id 5098
[32m[0227 20:03:30 @tiGAN.py:205][0m step: 245, discriminator: loss 12.4609279633, generator loss: 3.26500667143e-05
[32m[0227 20:03:31 @util.py:324][0m [LOAD BATCH] New batch, loading to id 5162
[32m[0227 20:03:31 @tiGAN.py:205][0m step: 246, discriminator: loss 12.3257236481, generator loss: 3.49419060512e-05
[32m[0227 20:03:33 @util.py:324][0m [LOAD BATCH] New batch, loading to id 5226
[32m[0227 20:03:33 @tiGAN.py:205][0m step: 247, discriminator: loss 12.4819126129, generator loss: 2.79201121884e-05
[32m[0227 20:03:34 @util.py:324][0m [LOAD BATCH] New batch, loading to id 5290
[32m[0227 20:03:34 @tiGAN.py:205][0m step: 248, discriminator: loss 12.8345994949, generator loss: 2.5935460144e-05
[32m[0227 20:03:35 @util.py:324][0m [LOAD BATCH] New batch, loading to id 31
[32m[0227 20:03:35 @tiGAN.py:205][0m step: 249, discriminator: loss 12.6264762878, generator loss: 2.4791159376e-05
[32m[0227 20:03:36 @util.py:324][0m [LOAD BATCH] New batch, loading to id 95
[32m[0227 20:03:36 @tiGAN.py:205][0m step: 250, discriminator: loss 12.459485054, generator loss: 2.83831941488e-05
[32m[0227 20:03:37 @util.py:324][0m [LOAD BATCH] New batch, loading to id 159
[32m[0227 20:03:37 @tiGAN.py:205][0m step: 251, discriminator: loss 12.5655374527, generator loss: 2.30642181123e-05
[32m[0227 20:03:38 @util.py:324][0m [LOAD BATCH] New batch, loading to id 223
[32m[0227 20:03:38 @tiGAN.py:205][0m step: 252, discriminator: loss 12.695104599, generator loss: 2.57520878222e-05
[32m[0227 20:03:39 @util.py:324][0m [LOAD BATCH] New batch, loading to id 287
[32m[0227 20:03:39 @tiGAN.py:205][0m step: 253, discriminator: loss 12.7423830032, generator loss: 2.47977150138e-05
[32m[0227 20:03:40 @util.py:324][0m [LOAD BATCH] New batch, loading to id 351
[32m[0227 20:03:40 @tiGAN.py:205][0m step: 254, discriminator: loss 12.4968118668, generator loss: 2.77949366136e-05
[32m[0227 20:03:41 @util.py:324][0m [LOAD BATCH] New batch, loading to id 415
[32m[0227 20:03:42 @tiGAN.py:205][0m step: 255, discriminator: loss 12.6262054443, generator loss: 2.71796016023e-05
[32m[0227 20:03:43 @util.py:324][0m [LOAD BATCH] New batch, loading to id 479
[32m[0227 20:03:43 @tiGAN.py:205][0m step: 256, discriminator: loss 12.6486787796, generator loss: 2.50359407801e-05
[32m[0227 20:03:44 @util.py:324][0m [LOAD BATCH] New batch, loading to id 543
[32m[0227 20:03:44 @tiGAN.py:205][0m step: 257, discriminator: loss 12.5708847046, generator loss: 2.99005550914e-05
[32m[0227 20:03:45 @util.py:324][0m [LOAD BATCH] New batch, loading to id 607
[32m[0227 20:03:45 @tiGAN.py:205][0m step: 258, discriminator: loss 12.5720415115, generator loss: 3.04277855321e-05
[32m[0227 20:03:46 @util.py:324][0m [LOAD BATCH] New batch, loading to id 671
[32m[0227 20:03:46 @tiGAN.py:205][0m step: 259, discriminator: loss 12.7092943192, generator loss: 2.22868329729e-05
[32m[0227 20:03:47 @util.py:324][0m [LOAD BATCH] New batch, loading to id 735
[32m[0227 20:03:47 @tiGAN.py:205][0m step: 260, discriminator: loss 12.7858705521, generator loss: 2.08926758205e-05
[32m[0227 20:03:48 @util.py:324][0m [LOAD BATCH] New batch, loading to id 799
[32m[0227 20:03:48 @tiGAN.py:205][0m step: 261, discriminator: loss 12.8465557098, generator loss: 2.38118609559e-05
[32m[0227 20:03:49 @util.py:324][0m [LOAD BATCH] New batch, loading to id 863
[32m[0227 20:03:49 @tiGAN.py:205][0m step: 262, discriminator: loss 12.5713186264, generator loss: 2.81960783468e-05
[32m[0227 20:03:50 @util.py:324][0m [LOAD BATCH] New batch, loading to id 927
[32m[0227 20:03:50 @tiGAN.py:205][0m step: 263, discriminator: loss 12.4301242828, generator loss: 2.67365376203e-05
