[32m[0222 21:50:07 @logger.py:67][0m Log file set to /ais/gobi4/tingwuwang/joint_embedding/tool/train_T2I.py/../../log/TIGAN_0222-215007.log
[32m[0222 21:50:07 @train_T2I.py:31][0m Session starts, using gpu: 0
[32m[0222 21:50:07 @tiGAN.py:37][0m [31mWRN[0m test mode is not supported currently
[32m[0222 21:50:07 @tiGAN.py:54][0m Building the text to image GAN model
[32m[0222 21:50:08 @tiGAN.py:62][0m loss from real image and right text generated
[32m[0222 21:50:08 @tiGAN.py:71][0m loss from real image and wrong text generated
[32m[0222 21:50:09 @tiGAN.py:84][0m loss from fake image and right text generated
[32m[0222 21:50:22 @util.py:185][0m trying to load the dataset bird
[32m[0222 21:50:22 @util.py:228][0m loaded data split from /ais/gobi4/tingwuwang/joint_embedding/tool/../data/data_dir/bird/bird_list.npy
[32m[0222 21:50:22 @util.py:203][0m data loader initialized
[32m[0222 21:50:22 @util.py:321][0m [LOAD BATCH] New batch, loading to id 16
[32m[0222 21:50:26 @tiGAN.py:141][0m step: 0, discriminator: loss 1.43200016022, generator loss: 0.692722439766
[32m[0222 21:50:27 @util.py:321][0m [LOAD BATCH] New batch, loading to id 32
[32m[0222 21:50:30 @tiGAN.py:141][0m step: 1, discriminator: loss 1.3507065773, generator loss: 0.692077755928
[32m[0222 21:50:30 @util.py:321][0m [LOAD BATCH] New batch, loading to id 48
[32m[0222 21:50:33 @tiGAN.py:141][0m step: 2, discriminator: loss 1.33298325539, generator loss: 0.691685557365
[32m[0222 21:50:34 @util.py:321][0m [LOAD BATCH] New batch, loading to id 64
[32m[0222 21:50:37 @tiGAN.py:141][0m step: 3, discriminator: loss 1.33932006359, generator loss: 0.692631363869
[32m[0222 21:50:37 @util.py:321][0m [LOAD BATCH] New batch, loading to id 80
[32m[0222 21:50:40 @tiGAN.py:141][0m step: 4, discriminator: loss 1.34159421921, generator loss: 0.692698299885
[32m[0222 21:50:51 @tiGAN.py:189][0m checkpoint saved to /ais/gobi4/tingwuwang/joint_embedding/tool/../model/../checkpoint/tigan_5.ckpt
[32m[0222 21:50:51 @util.py:360][0m [Sampling] New samples, total number: 16
