[32m[0222 16:34:48 @logger.py:67][0m Log file set to /ais/gobi4/tingwuwang/joint_embedding/tool/train_T2I.py/../../log/TIGAN_0222-163448.log
[32m[0222 16:34:48 @train_T2I.py:31][0m Session starts, using gpu: 0
[32m[0222 16:34:48 @tiGAN.py:36][0m [31mWRN[0m test mode is not supported currently
[32m[0222 16:34:48 @tiGAN.py:53][0m Building the text to image GAN model
[32m[0222 16:34:50 @tiGAN.py:61][0m loss from real image and right text generated
[32m[0222 16:34:50 @tiGAN.py:70][0m loss from real image and wrong text generated
[32m[0222 16:34:50 @tiGAN.py:83][0m loss from fake image and right text generated
[32m[0222 16:35:03 @util.py:181][0m trying to load the dataset bird
[32m[0222 16:35:03 @util.py:217][0m loaded data split from /ais/gobi4/tingwuwang/joint_embedding/tool/../data/data_dir/bird/bird_list.npy
[32m[0222 16:35:04 @util.py:310][0m [LOAD BATCH] New batch, loading to id 16
[32m[0222 16:35:08 @tiGAN.py:140][0m step: 0, discriminator: loss 1.44957756996, generator loss: 0.691784083843
[32m[0222 16:35:08 @util.py:310][0m [LOAD BATCH] New batch, loading to id 32
[32m[0222 16:35:11 @tiGAN.py:140][0m step: 1, discriminator: loss 1.35483193398, generator loss: 0.691782176495
[32m[0222 16:35:12 @util.py:310][0m [LOAD BATCH] New batch, loading to id 48
[32m[0222 16:35:15 @tiGAN.py:140][0m step: 2, discriminator: loss 1.34617912769, generator loss: 0.689382553101
[32m[0222 16:35:16 @util.py:310][0m [LOAD BATCH] New batch, loading to id 64
[32m[0222 16:35:19 @tiGAN.py:140][0m step: 3, discriminator: loss 1.33779084682, generator loss: 0.692477583885
[32m[0222 16:35:20 @util.py:310][0m [LOAD BATCH] New batch, loading to id 80
[32m[0222 16:35:23 @tiGAN.py:140][0m step: 4, discriminator: loss 1.32637262344, generator loss: 0.691851973534
[32m[0222 16:35:24 @util.py:310][0m [LOAD BATCH] New batch, loading to id 96
[32m[0222 16:35:27 @tiGAN.py:140][0m step: 5, discriminator: loss 1.33023798466, generator loss: 0.692601680756
[32m[0222 16:35:28 @util.py:310][0m [LOAD BATCH] New batch, loading to id 112
[32m[0222 16:35:31 @tiGAN.py:140][0m step: 6, discriminator: loss 1.31903970242, generator loss: 0.692371070385
[32m[0222 16:35:32 @util.py:310][0m [LOAD BATCH] New batch, loading to id 128
[32m[0222 16:35:34 @tiGAN.py:140][0m step: 7, discriminator: loss 1.32378721237, generator loss: 0.691827535629
[32m[0222 16:35:35 @util.py:310][0m [LOAD BATCH] New batch, loading to id 144
[32m[0222 16:35:38 @tiGAN.py:140][0m step: 8, discriminator: loss 1.32606422901, generator loss: 0.69206392765
[32m[0222 16:35:39 @util.py:310][0m [LOAD BATCH] New batch, loading to id 160
[32m[0222 16:35:42 @tiGAN.py:140][0m step: 9, discriminator: loss 1.32876849174, generator loss: 0.692695260048
[32m[0222 16:35:43 @util.py:310][0m [LOAD BATCH] New batch, loading to id 176
[32m[0222 16:35:46 @tiGAN.py:140][0m step: 10, discriminator: loss 1.31992077827, generator loss: 0.691724956036
[32m[0222 16:35:47 @util.py:310][0m [LOAD BATCH] New batch, loading to id 192
[32m[0222 16:35:50 @tiGAN.py:140][0m step: 11, discriminator: loss 1.33231472969, generator loss: 0.693013191223
[32m[0222 16:35:51 @util.py:310][0m [LOAD BATCH] New batch, loading to id 208
[32m[0222 16:35:54 @tiGAN.py:140][0m step: 12, discriminator: loss 1.32167720795, generator loss: 0.692907571793
[32m[0222 16:35:55 @util.py:310][0m [LOAD BATCH] New batch, loading to id 224
[32m[0222 16:35:58 @tiGAN.py:140][0m step: 13, discriminator: loss 1.31373858452, generator loss: 0.692529499531
[32m[0222 16:35:59 @util.py:310][0m [LOAD BATCH] New batch, loading to id 240
[32m[0222 16:36:02 @tiGAN.py:140][0m step: 14, discriminator: loss 1.31061601639, generator loss: 0.692001879215
[32m[0222 16:36:03 @util.py:310][0m [LOAD BATCH] New batch, loading to id 256
[32m[0222 16:36:06 @tiGAN.py:140][0m step: 15, discriminator: loss 1.3188675642, generator loss: 0.692655384541
[32m[0222 16:36:06 @util.py:310][0m [LOAD BATCH] New batch, loading to id 272
[32m[0222 16:36:09 @tiGAN.py:140][0m step: 16, discriminator: loss 1.33850944042, generator loss: 0.692539334297
[32m[0222 16:36:10 @util.py:310][0m [LOAD BATCH] New batch, loading to id 288
[32m[0222 16:36:13 @tiGAN.py:140][0m step: 17, discriminator: loss 1.32852077484, generator loss: 0.69295668602
[32m[0222 16:36:14 @util.py:310][0m [LOAD BATCH] New batch, loading to id 304
[32m[0222 16:36:17 @tiGAN.py:140][0m step: 18, discriminator: loss 1.31965267658, generator loss: 0.692795038223
[32m[0222 16:36:18 @util.py:310][0m [LOAD BATCH] New batch, loading to id 320
[32m[0222 16:36:21 @tiGAN.py:140][0m step: 19, discriminator: loss 1.32011413574, generator loss: 0.692595362663
[32m[0222 16:36:21 @util.py:310][0m [LOAD BATCH] New batch, loading to id 336
[32m[0222 16:36:24 @tiGAN.py:140][0m step: 20, discriminator: loss 1.32063937187, generator loss: 0.692059159279
[32m[0222 16:36:25 @util.py:310][0m [LOAD BATCH] New batch, loading to id 352
[32m[0222 16:36:28 @tiGAN.py:140][0m step: 21, discriminator: loss 1.33206772804, generator loss: 0.693038105965
[32m[0222 16:36:29 @util.py:310][0m [LOAD BATCH] New batch, loading to id 368
[32m[0222 16:36:32 @tiGAN.py:140][0m step: 22, discriminator: loss 1.32475781441, generator loss: 0.692752420902
[32m[0222 16:36:33 @util.py:310][0m [LOAD BATCH] New batch, loading to id 384
[32m[0222 16:36:37 @tiGAN.py:140][0m step: 23, discriminator: loss 1.30368983746, generator loss: 0.692787885666
[32m[0222 16:36:37 @util.py:310][0m [LOAD BATCH] New batch, loading to id 400
[32m[0222 16:36:40 @tiGAN.py:140][0m step: 24, discriminator: loss 1.3119071722, generator loss: 0.691488981247
[32m[0222 16:36:41 @util.py:310][0m [LOAD BATCH] New batch, loading to id 416
[32m[0222 16:36:44 @tiGAN.py:140][0m step: 25, discriminator: loss 1.37833690643, generator loss: 0.693146765232
[32m[0222 16:36:45 @util.py:310][0m [LOAD BATCH] New batch, loading to id 432
[32m[0222 16:36:48 @tiGAN.py:140][0m step: 26, discriminator: loss 1.34087944031, generator loss: 0.693146765232
[32m[0222 16:36:49 @util.py:310][0m [LOAD BATCH] New batch, loading to id 448
[32m[0222 16:36:52 @tiGAN.py:140][0m step: 27, discriminator: loss 1.36610233784, generator loss: 0.693146824837
[32m[0222 16:36:53 @util.py:310][0m [LOAD BATCH] New batch, loading to id 464
[32m[0222 16:36:56 @tiGAN.py:140][0m step: 28, discriminator: loss 1.33609080315, generator loss: 0.693146109581
[32m[0222 16:36:57 @util.py:310][0m [LOAD BATCH] New batch, loading to id 480
[32m[0222 16:37:00 @tiGAN.py:140][0m step: 29, discriminator: loss 1.31750142574, generator loss: 0.693139314651
[32m[0222 16:37:01 @util.py:310][0m [LOAD BATCH] New batch, loading to id 496
[32m[0222 16:37:04 @tiGAN.py:140][0m step: 30, discriminator: loss 1.30718278885, generator loss: 0.693139672279
[32m[0222 16:37:04 @util.py:310][0m [LOAD BATCH] New batch, loading to id 512
[32m[0222 16:37:07 @tiGAN.py:140][0m step: 31, discriminator: loss 1.31594538689, generator loss: 0.693137407303
[32m[0222 16:37:08 @util.py:310][0m [LOAD BATCH] New batch, loading to id 528
[32m[0222 16:37:11 @tiGAN.py:140][0m step: 32, discriminator: loss 1.31223273277, generator loss: 0.693136572838
[32m[0222 16:37:12 @util.py:310][0m [LOAD BATCH] New batch, loading to id 544
[32m[0222 16:37:15 @tiGAN.py:140][0m step: 33, discriminator: loss 1.31190896034, generator loss: 0.693137645721
[32m[0222 16:37:16 @util.py:310][0m [LOAD BATCH] New batch, loading to id 560
[32m[0222 16:37:19 @tiGAN.py:140][0m step: 34, discriminator: loss 1.31114387512, generator loss: 0.693144142628
[32m[0222 16:37:20 @util.py:310][0m [LOAD BATCH] New batch, loading to id 576
[32m[0222 16:37:23 @tiGAN.py:140][0m step: 35, discriminator: loss 1.3078687191, generator loss: 0.693141102791
[32m[0222 16:37:23 @util.py:310][0m [LOAD BATCH] New batch, loading to id 592
[32m[0222 16:37:26 @tiGAN.py:140][0m step: 36, discriminator: loss 1.31057596207, generator loss: 0.693140566349
[32m[0222 16:37:27 @util.py:310][0m [LOAD BATCH] New batch, loading to id 608
[32m[0222 16:37:30 @tiGAN.py:140][0m step: 37, discriminator: loss 1.31113505363, generator loss: 0.693141400814
[32m[0222 16:37:31 @util.py:310][0m [LOAD BATCH] New batch, loading to id 624
[32m[0222 16:37:34 @tiGAN.py:140][0m step: 38, discriminator: loss 1.30764722824, generator loss: 0.693142831326
[32m[0222 16:37:35 @util.py:310][0m [LOAD BATCH] New batch, loading to id 640
[32m[0222 16:37:38 @tiGAN.py:140][0m step: 39, discriminator: loss 1.30600690842, generator loss: 0.693141222
[32m[0222 16:37:39 @util.py:310][0m [LOAD BATCH] New batch, loading to id 656
[32m[0222 16:37:42 @tiGAN.py:140][0m step: 40, discriminator: loss 1.30496990681, generator loss: 0.693142950535
[32m[0222 16:37:43 @util.py:310][0m [LOAD BATCH] New batch, loading to id 672
[32m[0222 16:37:46 @tiGAN.py:140][0m step: 41, discriminator: loss 1.31154513359, generator loss: 0.693140506744
[32m[0222 16:37:47 @util.py:310][0m [LOAD BATCH] New batch, loading to id 688
[32m[0222 16:37:50 @tiGAN.py:140][0m step: 42, discriminator: loss 1.30701744556, generator loss: 0.693130910397
[32m[0222 16:37:50 @util.py:310][0m [LOAD BATCH] New batch, loading to id 704
[32m[0222 16:37:53 @tiGAN.py:140][0m step: 43, discriminator: loss 1.3151756525, generator loss: 0.693101406097
[32m[0222 16:37:54 @util.py:310][0m [LOAD BATCH] New batch, loading to id 720
[32m[0222 16:37:57 @tiGAN.py:140][0m step: 44, discriminator: loss 1.31445455551, generator loss: 0.693117797375
[32m[0222 16:37:58 @util.py:310][0m [LOAD BATCH] New batch, loading to id 736
[32m[0222 16:38:01 @tiGAN.py:140][0m step: 45, discriminator: loss 1.30545759201, generator loss: 0.6931194067
[32m[0222 16:38:02 @util.py:310][0m [LOAD BATCH] New batch, loading to id 752
[32m[0222 16:38:05 @tiGAN.py:140][0m step: 46, discriminator: loss 1.302932024, generator loss: 0.693120002747
[32m[0222 16:38:06 @util.py:310][0m [LOAD BATCH] New batch, loading to id 768
[32m[0222 16:38:09 @tiGAN.py:140][0m step: 47, discriminator: loss 1.30011153221, generator loss: 0.693120837212
[32m[0222 16:38:09 @util.py:310][0m [LOAD BATCH] New batch, loading to id 784
[32m[0222 16:38:12 @tiGAN.py:140][0m step: 48, discriminator: loss 1.29174017906, generator loss: 0.693126857281
[32m[0222 16:38:13 @util.py:310][0m [LOAD BATCH] New batch, loading to id 800
[32m[0222 16:38:16 @tiGAN.py:140][0m step: 49, discriminator: loss 1.30917286873, generator loss: 0.693023860455
[32m[0222 16:38:17 @util.py:310][0m [LOAD BATCH] New batch, loading to id 816
[32m[0222 16:38:20 @tiGAN.py:140][0m step: 50, discriminator: loss 1.29364645481, generator loss: 0.692661702633
[32m[0222 16:38:21 @util.py:310][0m [LOAD BATCH] New batch, loading to id 832
[32m[0222 16:38:23 @tiGAN.py:140][0m step: 51, discriminator: loss 1.29001760483, generator loss: 0.692757427692
[32m[0222 16:38:24 @util.py:310][0m [LOAD BATCH] New batch, loading to id 848
[32m[0222 16:38:27 @tiGAN.py:140][0m step: 52, discriminator: loss 1.31113100052, generator loss: 0.691472232342
[32m[0222 16:38:28 @util.py:310][0m [LOAD BATCH] New batch, loading to id 864
[32m[0222 16:38:31 @tiGAN.py:140][0m step: 53, discriminator: loss 1.46528196335, generator loss: 0.693142175674
[32m[0222 16:38:32 @util.py:310][0m [LOAD BATCH] New batch, loading to id 880
[32m[0222 16:38:35 @tiGAN.py:140][0m step: 54, discriminator: loss 1.3099642992, generator loss: 0.693145990372
[32m[0222 16:38:36 @util.py:310][0m [LOAD BATCH] New batch, loading to id 896
[32m[0222 16:38:39 @tiGAN.py:140][0m step: 55, discriminator: loss 1.29530274868, generator loss: 0.693146884441
[32m[0222 16:38:40 @util.py:310][0m [LOAD BATCH] New batch, loading to id 912
[32m[0222 16:38:43 @tiGAN.py:140][0m step: 56, discriminator: loss 1.28652966022, generator loss: 0.693146705627
[32m[0222 16:38:43 @util.py:310][0m [LOAD BATCH] New batch, loading to id 928
[32m[0222 16:38:47 @tiGAN.py:140][0m step: 57, discriminator: loss 1.28966140747, generator loss: 0.693147003651
[32m[0222 16:38:47 @util.py:310][0m [LOAD BATCH] New batch, loading to id 944
[32m[0222 16:38:51 @tiGAN.py:140][0m step: 58, discriminator: loss 1.29083418846, generator loss: 0.693147063255
[32m[0222 16:38:52 @util.py:310][0m [LOAD BATCH] New batch, loading to id 960
[32m[0222 16:38:55 @tiGAN.py:140][0m step: 59, discriminator: loss 1.28393936157, generator loss: 0.693146705627
[32m[0222 16:38:56 @util.py:310][0m [LOAD BATCH] New batch, loading to id 976
[32m[0222 16:38:59 @tiGAN.py:140][0m step: 60, discriminator: loss 1.28994417191, generator loss: 0.693146705627
[32m[0222 16:39:00 @util.py:310][0m [LOAD BATCH] New batch, loading to id 992
[32m[0222 16:39:03 @tiGAN.py:140][0m step: 61, discriminator: loss 1.2915033102, generator loss: 0.693146467209
[32m[0222 16:39:03 @util.py:310][0m [LOAD BATCH] New batch, loading to id 1008
[32m[0222 16:39:06 @tiGAN.py:140][0m step: 62, discriminator: loss 1.2702652216, generator loss: 0.693147003651
[32m[0222 16:39:07 @util.py:310][0m [LOAD BATCH] New batch, loading to id 1024
[32m[0222 16:39:10 @tiGAN.py:140][0m step: 63, discriminator: loss 1.2862868309, generator loss: 0.693146884441
[32m[0222 16:39:11 @util.py:310][0m [LOAD BATCH] New batch, loading to id 1040
